TN:
SF:src/ai-player.ts
FN:41,(anonymous_0)
FN:53,(anonymous_1)
FN:55,(anonymous_2)
FN:95,(anonymous_3)
FN:59,(anonymous_4)
FN:104,(anonymous_5)
FN:217,(anonymous_6)
FN:230,(anonymous_7)
FN:290,(anonymous_8)
FN:293,(anonymous_9)
FN:302,(anonymous_10)
FN:305,(anonymous_11)
FN:315,(anonymous_12)
FN:323,(anonymous_13)
FN:383,(anonymous_14)
FN:403,(anonymous_15)
FN:409,(anonymous_16)
FN:410,(anonymous_17)
FN:418,(anonymous_18)
FN:419,(anonymous_19)
FN:427,(anonymous_20)
FN:439,(anonymous_21)
FN:456,(anonymous_22)
FN:464,(anonymous_23)
FN:479,(anonymous_24)
FN:491,(anonymous_25)
FN:494,(anonymous_26)
FN:506,(anonymous_27)
FN:519,(anonymous_28)
FN:530,(anonymous_29)
FNF:30
FNH:0
FNDA:0,(anonymous_0)
FNDA:0,(anonymous_1)
FNDA:0,(anonymous_2)
FNDA:0,(anonymous_3)
FNDA:0,(anonymous_4)
FNDA:0,(anonymous_5)
FNDA:0,(anonymous_6)
FNDA:0,(anonymous_7)
FNDA:0,(anonymous_8)
FNDA:0,(anonymous_9)
FNDA:0,(anonymous_10)
FNDA:0,(anonymous_11)
FNDA:0,(anonymous_12)
FNDA:0,(anonymous_13)
FNDA:0,(anonymous_14)
FNDA:0,(anonymous_15)
FNDA:0,(anonymous_16)
FNDA:0,(anonymous_17)
FNDA:0,(anonymous_18)
FNDA:0,(anonymous_19)
FNDA:0,(anonymous_20)
FNDA:0,(anonymous_21)
FNDA:0,(anonymous_22)
FNDA:0,(anonymous_23)
FNDA:0,(anonymous_24)
FNDA:0,(anonymous_25)
FNDA:0,(anonymous_26)
FNDA:0,(anonymous_27)
FNDA:0,(anonymous_28)
FNDA:0,(anonymous_29)
DA:1,4
DA:2,4
DA:3,4
DA:4,4
DA:7,4
DA:8,4
DA:13,4
DA:42,0
DA:43,0
DA:45,0
DA:54,0
DA:55,0
DA:58,0
DA:60,0
DA:65,0
DA:67,0
DA:70,0
DA:72,0
DA:73,0
DA:75,0
DA:78,0
DA:81,0
DA:85,0
DA:86,0
DA:90,0
DA:91,0
DA:96,0
DA:107,0
DA:108,0
DA:109,0
DA:110,0
DA:114,0
DA:115,0
DA:118,0
DA:119,0
DA:120,0
DA:121,0
DA:125,0
DA:126,0
DA:128,0
DA:130,0
DA:133,0
DA:134,0
DA:135,0
DA:138,0
DA:141,0
DA:143,0
DA:144,0
DA:145,0
DA:147,0
DA:148,0
DA:149,0
DA:154,0
DA:155,0
DA:157,0
DA:160,0
DA:161,0
DA:162,0
DA:163,0
DA:164,0
DA:168,0
DA:169,0
DA:170,0
DA:171,0
DA:174,0
DA:175,0
DA:176,0
DA:179,0
DA:180,0
DA:183,0
DA:185,0
DA:186,0
DA:187,0
DA:189,0
DA:192,0
DA:193,0
DA:195,0
DA:197,0
DA:198,0
DA:200,0
DA:202,0
DA:203,0
DA:204,0
DA:207,0
DA:208,0
DA:211,0
DA:212,0
DA:218,0
DA:219,0
DA:222,0
DA:223,0
DA:224,0
DA:227,0
DA:230,0
DA:233,0
DA:235,0
DA:238,0
DA:240,0
DA:242,0
DA:243,0
DA:244,0
DA:245,0
DA:246,0
DA:247,0
DA:249,0
DA:251,0
DA:256,0
DA:257,0
DA:258,0
DA:262,0
DA:265,0
DA:266,0
DA:268,0
DA:269,0
DA:270,0
DA:272,0
DA:275,0
DA:279,0
DA:281,0
DA:282,0
DA:285,0
DA:291,0
DA:293,0
DA:294,0
DA:302,0
DA:305,0
DA:307,0
DA:309,0
DA:310,0
DA:316,0
DA:318,0
DA:321,0
DA:323,0
DA:324,0
DA:328,0
DA:329,0
DA:330,0
DA:331,0
DA:332,0
DA:333,0
DA:335,0
DA:341,0
DA:342,0
DA:346,0
DA:347,0
DA:351,0
DA:354,0
DA:355,0
DA:356,0
DA:360,0
DA:361,0
DA:365,0
DA:366,0
DA:371,0
DA:372,0
DA:375,0
DA:377,0
DA:378,0
DA:385,0
DA:386,0
DA:389,0
DA:390,0
DA:393,0
DA:394,0
DA:395,0
DA:396,0
DA:398,0
DA:399,0
DA:403,0
DA:404,0
DA:410,0
DA:411,0
DA:414,0
DA:419,0
DA:420,0
DA:423,0
DA:428,0
DA:429,0
DA:432,0
DA:433,0
DA:436,0
DA:437,0
DA:439,0
DA:440,0
DA:443,0
DA:445,0
DA:450,0
DA:451,0
DA:453,0
DA:456,0
DA:457,0
DA:460,0
DA:465,0
DA:466,0
DA:469,0
DA:470,0
DA:476,0
DA:477,0
DA:478,0
DA:479,0
DA:480,0
DA:483,0
DA:484,0
DA:489,0
DA:490,0
DA:491,0
DA:492,0
DA:494,0
DA:495,0
DA:497,0
DA:498,0
DA:503,0
DA:504,0
DA:505,0
DA:506,0
DA:507,0
DA:510,0
DA:511,0
DA:515,0
DA:520,0
DA:522,0
DA:523,0
DA:524,0
DA:527,0
DA:528,0
DA:530,0
DA:531,0
DA:532,0
DA:533,0
DA:537,0
LF:230
LH:7
BRDA:41,0,0,0
BRDA:42,1,0,0
BRDA:42,1,1,0
BRDA:53,2,0,0
BRDA:60,3,0,0
BRDA:70,4,0,0
BRDA:70,4,1,0
BRDA:70,5,0,0
BRDA:70,5,1,0
BRDA:72,6,0,0
BRDA:72,6,1,0
BRDA:81,7,0,0
BRDA:81,7,1,0
BRDA:85,8,0,0
BRDA:107,9,0,0
BRDA:118,10,0,0
BRDA:133,11,0,0
BRDA:133,12,0,0
BRDA:133,12,1,0
BRDA:143,13,0,0
BRDA:143,13,1,0
BRDA:155,14,0,0
BRDA:162,15,0,0
BRDA:168,16,0,0
BRDA:192,17,0,0
BRDA:192,17,1,0
BRDA:193,18,0,0
BRDA:193,18,1,0
BRDA:202,19,0,0
BRDA:207,20,0,0
BRDA:207,20,1,0
BRDA:222,21,0,0
BRDA:233,22,0,0
BRDA:238,23,0,0
BRDA:242,24,0,0
BRDA:242,24,1,0
BRDA:242,25,0,0
BRDA:242,25,1,0
BRDA:244,26,0,0
BRDA:265,27,0,0
BRDA:265,27,1,0
BRDA:268,28,0,0
BRDA:268,28,1,0
BRDA:268,29,0,0
BRDA:268,29,1,0
BRDA:281,30,0,0
BRDA:281,30,1,0
BRDA:282,31,0,0
BRDA:282,31,1,0
BRDA:285,32,0,0
BRDA:285,32,1,0
BRDA:309,33,0,0
BRDA:309,33,1,0
BRDA:321,34,0,0
BRDA:321,34,1,0
BRDA:321,35,0,0
BRDA:321,35,1,0
BRDA:324,36,0,0
BRDA:324,36,1,0
BRDA:328,37,0,0
BRDA:328,37,1,0
BRDA:330,38,0,0
BRDA:330,38,1,0
BRDA:332,39,0,0
BRDA:332,39,1,0
BRDA:341,40,0,0
BRDA:346,41,0,0
BRDA:355,42,0,0
BRDA:360,43,0,0
BRDA:360,44,0,0
BRDA:360,44,1,0
BRDA:360,44,2,0
BRDA:365,45,0,0
BRDA:365,46,0,0
BRDA:365,46,1,0
BRDA:371,47,0,0
BRDA:371,48,0,0
BRDA:371,48,1,0
BRDA:377,49,0,0
BRDA:377,49,1,0
BRDA:385,50,0,0
BRDA:385,51,0,0
BRDA:385,51,1,0
BRDA:385,51,2,0
BRDA:393,52,0,0
BRDA:393,52,1,0
BRDA:395,53,0,0
BRDA:395,53,1,0
BRDA:404,54,0,0
BRDA:404,54,1,0
BRDA:411,55,0,0
BRDA:411,55,1,0
BRDA:420,56,0,0
BRDA:420,56,1,0
BRDA:428,57,0,0
BRDA:428,58,0,0
BRDA:428,58,1,0
BRDA:428,58,2,0
BRDA:437,59,0,0
BRDA:440,60,0,0
BRDA:440,60,1,0
BRDA:443,61,0,0
BRDA:451,62,0,0
BRDA:465,63,0,0
BRDA:465,64,0,0
BRDA:465,64,1,0
BRDA:465,64,2,0
BRDA:476,65,0,0
BRDA:479,66,0,0
BRDA:479,67,0,0
BRDA:479,67,1,0
BRDA:483,68,0,0
BRDA:489,69,0,0
BRDA:489,70,0,0
BRDA:489,70,1,0
BRDA:491,71,0,0
BRDA:491,72,0,0
BRDA:491,72,1,0
BRDA:494,73,0,0
BRDA:494,74,0,0
BRDA:494,74,1,0
BRDA:497,75,0,0
BRDA:503,76,0,0
BRDA:506,77,0,0
BRDA:506,78,0,0
BRDA:506,78,1,0
BRDA:510,79,0,0
BRDA:523,80,0,0
BRDA:523,80,1,0
BRDA:531,81,0,0
BRF:130
BRH:0
end_of_record
TN:
SF:src/countdown-manager.ts
FN:47,(anonymous_0)
FN:86,(anonymous_1)
FN:157,(anonymous_2)
FN:182,(anonymous_3)
FN:190,(anonymous_4)
FN:197,(anonymous_5)
FN:204,(anonymous_6)
FN:211,(anonymous_7)
FN:229,(anonymous_8)
FN:237,(anonymous_9)
FN:245,(anonymous_10)
FN:266,(anonymous_11)
FN:288,(anonymous_12)
FN:309,(anonymous_13)
FN:329,(anonymous_14)
FN:337,(anonymous_15)
FN:347,(anonymous_16)
FN:365,(anonymous_17)
FNF:18
FNH:0
FNDA:0,(anonymous_0)
FNDA:0,(anonymous_1)
FNDA:0,(anonymous_2)
FNDA:0,(anonymous_3)
FNDA:0,(anonymous_4)
FNDA:0,(anonymous_5)
FNDA:0,(anonymous_6)
FNDA:0,(anonymous_7)
FNDA:0,(anonymous_8)
FNDA:0,(anonymous_9)
FNDA:0,(anonymous_10)
FNDA:0,(anonymous_11)
FNDA:0,(anonymous_12)
FNDA:0,(anonymous_13)
FNDA:0,(anonymous_14)
FNDA:0,(anonymous_15)
FNDA:0,(anonymous_16)
FNDA:0,(anonymous_17)
DA:1,3
DA:2,3
DA:3,3
DA:9,3
DA:11,3
DA:14,3
DA:17,3
DA:20,3
DA:23,3
DA:26,3
DA:29,3
DA:32,3
DA:35,3
DA:38,3
DA:53,0
DA:54,0
DA:55,0
DA:59,0
DA:60,0
DA:64,0
DA:67,0
DA:70,0
DA:71,0
DA:72,0
DA:73,0
DA:76,0
DA:78,0
DA:79,0
DA:83,0
DA:86,0
DA:88,0
DA:89,0
DA:93,0
DA:94,0
DA:97,0
DA:100,0
DA:101,0
DA:102,0
DA:104,0
DA:109,0
DA:112,0
DA:115,0
DA:116,0
DA:117,0
DA:120,0
DA:121,0
DA:124,0
DA:127,0
DA:130,0
DA:132,0
DA:133,0
DA:134,0
DA:136,0
DA:137,0
DA:140,0
DA:143,0
DA:145,0
DA:146,0
DA:151,0
DA:158,0
DA:159,0
DA:160,0
DA:162,0
DA:163,0
DA:166,0
DA:167,0
DA:168,0
DA:169,0
DA:172,0
DA:175,0
DA:183,0
DA:191,0
DA:198,0
DA:205,0
DA:212,0
DA:213,0
DA:215,0
DA:216,0
DA:220,0
DA:221,0
DA:230,0
DA:231,0
DA:238,0
DA:246,0
DA:247,0
DA:250,0
DA:251,0
DA:253,0
DA:254,0
DA:258,0
DA:259,0
DA:267,0
DA:268,0
DA:271,0
DA:272,0
DA:274,0
DA:275,0
DA:279,0
DA:280,0
DA:289,0
DA:290,0
DA:293,0
DA:295,0
DA:296,0
DA:300,0
DA:301,0
DA:310,0
DA:311,0
DA:314,0
DA:316,0
DA:317,0
DA:321,0
DA:322,0
DA:330,0
DA:338,0
DA:339,0
DA:340,0
DA:348,0
DA:353,0
DA:354,0
DA:355,0
DA:357,0
DA:366,0
DA:367,0
DA:368,0
DA:369,0
DA:370,0
DA:371,0
LF:128
LH:14
BRDA:53,0,0,0
BRDA:59,1,0,0
BRDA:72,2,0,0
BRDA:72,2,1,0
BRDA:78,3,0,0
BRDA:79,4,0,0
BRDA:79,4,1,0
BRDA:88,5,0,0
BRDA:88,6,0,0
BRDA:88,6,1,0
BRDA:100,7,0,0
BRDA:104,8,0,0
BRDA:104,8,1,0
BRDA:115,9,0,0
BRDA:116,10,0,0
BRDA:130,11,0,0
BRDA:130,11,1,0
BRDA:136,12,0,0
BRDA:136,12,1,0
BRDA:137,13,0,0
BRDA:137,13,1,0
BRDA:158,14,0,0
BRDA:162,15,0,0
BRDA:212,16,0,0
BRDA:215,17,0,0
BRDA:220,18,0,0
BRDA:220,19,0,0
BRDA:220,19,1,0
BRDA:231,20,0,0
BRDA:231,20,1,0
BRDA:246,21,0,0
BRDA:246,22,0,0
BRDA:246,22,1,0
BRDA:253,23,0,0
BRDA:267,24,0,0
BRDA:267,25,0,0
BRDA:267,25,1,0
BRDA:274,26,0,0
BRDA:289,27,0,0
BRDA:289,28,0,0
BRDA:289,28,1,0
BRDA:295,29,0,0
BRDA:310,30,0,0
BRDA:310,31,0,0
BRDA:310,31,1,0
BRDA:316,32,0,0
BRDA:339,33,0,0
BRDA:349,34,0,0
BRDA:349,34,1,0
BRDA:357,35,0,0
BRDA:357,35,1,0
BRF:51
BRH:0
end_of_record
TN:
SF:src/display-manager.ts
FN:22,(anonymous_0)
FN:32,(anonymous_1)
FN:41,(anonymous_2)
FN:54,(anonymous_3)
FN:66,(anonymous_4)
FN:83,(anonymous_5)
FN:99,(anonymous_6)
FN:111,(anonymous_7)
FN:125,(anonymous_8)
FN:137,(anonymous_9)
FN:149,(anonymous_10)
FN:161,(anonymous_11)
FN:174,(anonymous_12)
FN:184,(anonymous_13)
FN:190,(anonymous_14)
FN:200,(anonymous_15)
FN:207,(anonymous_16)
FN:219,(anonymous_17)
FN:221,(anonymous_18)
FN:232,(anonymous_19)
FN:234,(anonymous_20)
FN:260,(anonymous_21)
FN:280,(anonymous_22)
FN:290,(anonymous_23)
FN:310,(anonymous_24)
FN:320,(anonymous_25)
FN:329,(anonymous_26)
FN:339,(anonymous_27)
FN:346,(anonymous_28)
FN:364,(anonymous_29)
FN:378,(anonymous_30)
FN:386,(anonymous_31)
FN:394,(anonymous_32)
FN:404,(anonymous_33)
FN:420,(anonymous_34)
FN:431,(anonymous_35)
FN:441,(anonymous_36)
FN:456,(anonymous_37)
FN:472,(anonymous_38)
FNF:39
FNH:2
FNDA:13,(anonymous_0)
FNDA:13,(anonymous_1)
FNDA:0,(anonymous_2)
FNDA:0,(anonymous_3)
FNDA:0,(anonymous_4)
FNDA:0,(anonymous_5)
FNDA:0,(anonymous_6)
FNDA:0,(anonymous_7)
FNDA:0,(anonymous_8)
FNDA:0,(anonymous_9)
FNDA:0,(anonymous_10)
FNDA:0,(anonymous_11)
FNDA:0,(anonymous_12)
FNDA:0,(anonymous_13)
FNDA:0,(anonymous_14)
FNDA:0,(anonymous_15)
FNDA:0,(anonymous_16)
FNDA:0,(anonymous_17)
FNDA:0,(anonymous_18)
FNDA:0,(anonymous_19)
FNDA:0,(anonymous_20)
FNDA:0,(anonymous_21)
FNDA:0,(anonymous_22)
FNDA:0,(anonymous_23)
FNDA:0,(anonymous_24)
FNDA:0,(anonymous_25)
FNDA:0,(anonymous_26)
FNDA:0,(anonymous_27)
FNDA:0,(anonymous_28)
FNDA:0,(anonymous_29)
FNDA:0,(anonymous_30)
FNDA:0,(anonymous_31)
FNDA:0,(anonymous_32)
FNDA:0,(anonymous_33)
FNDA:0,(anonymous_34)
FNDA:0,(anonymous_35)
FNDA:0,(anonymous_36)
FNDA:0,(anonymous_37)
FNDA:0,(anonymous_38)
DA:1,13
DA:3,13
DA:6,13
DA:13,13
DA:17,13
DA:23,13
DA:24,13
DA:26,13
DA:42,0
DA:43,0
DA:44,0
DA:55,0
DA:56,0
DA:57,0
DA:67,0
DA:68,0
DA:69,0
DA:70,0
DA:72,0
DA:73,0
DA:84,0
DA:85,0
DA:87,0
DA:88,0
DA:100,0
DA:101,0
DA:102,0
DA:112,0
DA:113,0
DA:115,0
DA:116,0
DA:126,0
DA:127,0
DA:128,0
DA:138,0
DA:139,0
DA:140,0
DA:150,0
DA:151,0
DA:152,0
DA:162,0
DA:163,0
DA:164,0
DA:175,0
DA:178,0
DA:185,0
DA:186,0
DA:189,0
DA:190,0
DA:191,0
DA:193,0
DA:201,0
DA:208,0
DA:221,0
DA:224,0
DA:225,0
DA:228,0
DA:230,0
DA:232,0
DA:234,0
DA:236,0
DA:237,0
DA:241,0
DA:244,0
DA:247,0
DA:250,0
DA:253,0
DA:254,0
DA:255,0
DA:256,0
DA:257,0
DA:259,0
DA:261,0
DA:262,0
DA:263,0
DA:264,0
DA:266,0
DA:281,0
DA:283,0
DA:284,0
DA:285,0
DA:288,0
DA:290,0
DA:291,0
DA:294,0
DA:295,0
DA:299,0
DA:300,0
DA:302,0
DA:306,0
DA:308,0
DA:310,0
DA:311,0
DA:321,0
DA:323,0
DA:324,0
DA:325,0
DA:328,0
DA:329,0
DA:331,0
DA:340,0
DA:341,0
DA:344,0
DA:346,0
DA:347,0
DA:348,0
DA:350,0
DA:351,0
DA:355,0
DA:367,0
DA:368,0
DA:369,0
DA:379,0
DA:387,0
DA:389,0
DA:390,0
DA:393,0
DA:394,0
DA:395,0
DA:397,0
DA:405,0
DA:406,0
DA:407,0
DA:408,0
DA:409,0
DA:410,0
DA:411,0
DA:412,0
DA:421,0
DA:423,0
DA:431,0
DA:432,0
DA:433,0
DA:434,0
DA:438,0
DA:441,0
DA:442,0
DA:443,0
DA:444,0
DA:463,0
DA:465,0
DA:472,0
DA:473,0
DA:474,0
DA:475,0
DA:479,0
DA:484,13
LF:147
LH:9
BRDA:23,0,0,13
BRDA:41,1,0,0
BRDA:43,2,0,0
BRDA:54,3,0,0
BRDA:56,4,0,0
BRDA:66,5,0,0
BRDA:72,6,0,0
BRDA:83,7,0,0
BRDA:83,8,0,0
BRDA:83,9,0,0
BRDA:87,10,0,0
BRDA:99,11,0,0
BRDA:101,12,0,0
BRDA:111,13,0,0
BRDA:115,14,0,0
BRDA:125,15,0,0
BRDA:127,16,0,0
BRDA:137,17,0,0
BRDA:139,18,0,0
BRDA:149,19,0,0
BRDA:151,20,0,0
BRDA:161,21,0,0
BRDA:163,22,0,0
BRDA:185,23,0,0
BRDA:219,24,0,0
BRDA:219,25,0,0
BRDA:224,26,0,0
BRDA:230,27,0,0
BRDA:236,28,0,0
BRDA:256,29,0,0
BRDA:256,30,0,0
BRDA:256,30,1,0
BRDA:261,31,0,0
BRDA:261,31,1,0
BRDA:263,32,0,0
BRDA:264,33,0,0
BRDA:264,33,1,0
BRDA:266,34,0,0
BRDA:266,34,1,0
BRDA:280,35,0,0
BRDA:280,36,0,0
BRDA:280,37,0,0
BRDA:283,38,0,0
BRDA:294,39,0,0
BRDA:294,40,0,0
BRDA:294,40,1,0
BRDA:299,41,0,0
BRDA:299,41,1,0
BRDA:308,42,0,0
BRDA:320,43,0,0
BRDA:323,44,0,0
BRDA:339,45,0,0
BRDA:340,46,0,0
BRDA:350,47,0,0
BRDA:364,48,0,0
BRDA:367,49,0,0
BRDA:389,50,0,0
BRDA:420,51,0,0
BRDA:428,52,0,0
BRDA:428,52,1,0
BRDA:433,53,0,0
BRDA:461,54,0,0
BRDA:469,55,0,0
BRDA:469,55,1,0
BRDA:474,56,0,0
BRF:65
BRH:1
end_of_record
TN:
SF:src/display.ts
FN:73,analyzeHand
FN:80,(anonymous_1)
FN:100,groupTilesByTypeAndValue
FN:119,groupTilesByType
FN:143,createProgressBar
FN:159,formatTileSet
FN:160,(anonymous_6)
FNF:7
FNH:0
FNDA:0,analyzeHand
FNDA:0,(anonymous_1)
FNDA:0,groupTilesByTypeAndValue
FNDA:0,groupTilesByType
FNDA:0,createProgressBar
FNDA:0,formatTileSet
FNDA:0,(anonymous_6)
DA:11,13
DA:40,13
DA:41,13
DA:42,13
DA:43,13
DA:44,13
DA:49,13
DA:60,13
DA:73,13
DA:74,0
DA:77,0
DA:80,0
DA:81,0
DA:82,0
DA:83,0
DA:84,0
DA:85,0
DA:86,0
DA:92,0
DA:100,13
DA:101,0
DA:103,0
DA:104,0
DA:105,0
DA:106,0
DA:108,0
DA:111,0
DA:119,13
DA:120,0
DA:122,0
DA:124,0
DA:125,0
DA:126,0
DA:128,0
DA:131,0
DA:143,13
DA:150,0
DA:151,0
DA:159,13
DA:160,0
LF:40
LH:13
BRDA:81,0,0,0
BRDA:81,0,1,0
BRDA:83,1,0,0
BRDA:83,1,1,0
BRDA:85,2,0,0
BRDA:105,3,0,0
BRDA:125,4,0,0
BRDA:146,5,0,0
BRDA:147,6,0,0
BRDA:148,7,0,0
BRF:10
BRH:0
end_of_record
TN:
SF:src/game-event-handler.ts
FN:20,(anonymous_0)
FN:29,(anonymous_1)
FN:72,(anonymous_2)
FN:98,(anonymous_3)
FN:157,(anonymous_4)
FN:207,(anonymous_5)
FN:256,(anonymous_6)
FN:280,(anonymous_7)
FN:308,(anonymous_8)
FN:319,(anonymous_9)
FN:351,(anonymous_10)
FN:374,(anonymous_11)
FN:379,(anonymous_12)
FN:391,(anonymous_13)
FN:411,(anonymous_14)
FN:438,(anonymous_15)
FN:460,(anonymous_16)
FN:467,(anonymous_17)
FN:468,(anonymous_18)
FN:468,(anonymous_19)
FN:482,(anonymous_20)
FN:496,(anonymous_21)
FN:519,(anonymous_22)
FN:569,(anonymous_23)
FN:588,(anonymous_24)
FN:595,(anonymous_25)
FN:634,(anonymous_26)
FN:677,(anonymous_27)
FN:740,(anonymous_28)
FN:759,(anonymous_29)
FN:760,(anonymous_30)
FN:777,(anonymous_31)
FN:786,(anonymous_32)
FN:809,(anonymous_33)
FN:834,(anonymous_34)
FN:840,(anonymous_35)
FN:883,(anonymous_36)
FN:908,(anonymous_37)
FN:915,(anonymous_38)
FN:950,(anonymous_39)
FN:990,(anonymous_40)
FN:1023,(anonymous_41)
FN:1047,(anonymous_42)
FN:1088,(anonymous_43)
FN:1096,(anonymous_44)
FN:1117,(anonymous_45)
FN:1124,(anonymous_46)
FN:1130,(anonymous_47)
FN:1138,(anonymous_48)
FN:1161,(anonymous_49)
FN:1193,(anonymous_50)
FN:1261,(anonymous_51)
FN:1291,(anonymous_52)
FN:1334,(anonymous_53)
FN:1341,(anonymous_54)
FN:1342,(anonymous_55)
FN:1343,(anonymous_56)
FN:1343,(anonymous_57)
FN:1358,(anonymous_58)
FN:1366,(anonymous_59)
FNF:60
FNH:0
FNDA:0,(anonymous_0)
FNDA:0,(anonymous_1)
FNDA:0,(anonymous_2)
FNDA:0,(anonymous_3)
FNDA:0,(anonymous_4)
FNDA:0,(anonymous_5)
FNDA:0,(anonymous_6)
FNDA:0,(anonymous_7)
FNDA:0,(anonymous_8)
FNDA:0,(anonymous_9)
FNDA:0,(anonymous_10)
FNDA:0,(anonymous_11)
FNDA:0,(anonymous_12)
FNDA:0,(anonymous_13)
FNDA:0,(anonymous_14)
FNDA:0,(anonymous_15)
FNDA:0,(anonymous_16)
FNDA:0,(anonymous_17)
FNDA:0,(anonymous_18)
FNDA:0,(anonymous_19)
FNDA:0,(anonymous_20)
FNDA:0,(anonymous_21)
FNDA:0,(anonymous_22)
FNDA:0,(anonymous_23)
FNDA:0,(anonymous_24)
FNDA:0,(anonymous_25)
FNDA:0,(anonymous_26)
FNDA:0,(anonymous_27)
FNDA:0,(anonymous_28)
FNDA:0,(anonymous_29)
FNDA:0,(anonymous_30)
FNDA:0,(anonymous_31)
FNDA:0,(anonymous_32)
FNDA:0,(anonymous_33)
FNDA:0,(anonymous_34)
FNDA:0,(anonymous_35)
FNDA:0,(anonymous_36)
FNDA:0,(anonymous_37)
FNDA:0,(anonymous_38)
FNDA:0,(anonymous_39)
FNDA:0,(anonymous_40)
FNDA:0,(anonymous_41)
FNDA:0,(anonymous_42)
FNDA:0,(anonymous_43)
FNDA:0,(anonymous_44)
FNDA:0,(anonymous_45)
FNDA:0,(anonymous_46)
FNDA:0,(anonymous_47)
FNDA:0,(anonymous_48)
FNDA:0,(anonymous_49)
FNDA:0,(anonymous_50)
FNDA:0,(anonymous_51)
FNDA:0,(anonymous_52)
FNDA:0,(anonymous_53)
FNDA:0,(anonymous_54)
FNDA:0,(anonymous_55)
FNDA:0,(anonymous_56)
FNDA:0,(anonymous_57)
FNDA:0,(anonymous_58)
FNDA:0,(anonymous_59)
DA:1,3
DA:2,3
DA:3,3
DA:4,3
DA:5,3
DA:6,3
DA:7,3
DA:8,3
DA:9,3
DA:10,3
DA:11,3
DA:19,3
DA:21,0
DA:22,0
DA:23,0
DA:30,0
DA:33,0
DA:36,0
DA:37,0
DA:39,0
DA:40,0
DA:42,0
DA:43,0
DA:46,0
DA:49,0
DA:50,0
DA:54,0
DA:55,0
DA:56,0
DA:62,0
DA:65,0
DA:66,0
DA:73,0
DA:76,0
DA:77,0
DA:78,0
DA:79,0
DA:80,0
DA:81,0
DA:82,0
DA:85,0
DA:86,0
DA:87,0
DA:92,0
DA:100,0
DA:103,0
DA:104,0
DA:105,0
DA:106,0
DA:110,0
DA:113,0
DA:115,0
DA:116,0
DA:119,0
DA:120,0
DA:122,0
DA:128,0
DA:134,0
DA:135,0
DA:137,0
DA:138,0
DA:139,0
DA:140,0
DA:144,0
DA:145,0
DA:148,0
DA:162,0
DA:169,0
DA:172,0
DA:173,0
DA:174,0
DA:175,0
DA:176,0
DA:177,0
DA:181,0
DA:182,0
DA:183,0
DA:184,0
DA:188,0
DA:189,0
DA:192,0
DA:193,0
DA:197,0
DA:198,0
DA:201,0
DA:208,0
DA:210,0
DA:221,0
DA:228,0
DA:231,0
DA:232,0
DA:233,0
DA:235,0
DA:238,0
DA:239,0
DA:240,0
DA:243,0
DA:244,0
DA:247,0
DA:250,0
DA:257,0
DA:260,0
DA:261,0
DA:262,0
DA:263,0
DA:267,0
DA:270,0
DA:271,0
DA:273,0
DA:281,0
DA:283,0
DA:284,0
DA:285,0
DA:288,0
DA:289,0
DA:290,0
DA:294,0
DA:295,0
DA:296,0
DA:299,0
DA:300,0
DA:303,0
DA:304,0
DA:307,0
DA:308,0
DA:311,0
DA:312,0
DA:321,0
DA:324,0
DA:325,0
DA:329,0
DA:332,0
DA:333,0
DA:335,0
DA:340,0
DA:341,0
DA:344,0
DA:345,0
DA:352,0
DA:353,0
DA:356,0
DA:359,0
DA:360,0
DA:363,0
DA:366,0
DA:376,0
DA:379,0
DA:380,0
DA:381,0
DA:382,0
DA:385,0
DA:386,0
DA:390,0
DA:391,0
DA:392,0
DA:395,0
DA:396,0
DA:398,0
DA:399,0
DA:403,0
DA:413,0
DA:416,0
DA:417,0
DA:418,0
DA:419,0
DA:422,0
DA:423,0
DA:424,0
DA:427,0
DA:430,0
DA:440,0
DA:441,0
DA:444,0
DA:447,0
DA:450,0
DA:453,0
DA:454,0
DA:461,0
DA:464,0
DA:465,0
DA:466,0
DA:467,0
DA:468,0
DA:469,0
DA:472,0
DA:473,0
DA:484,0
DA:485,0
DA:486,0
DA:490,0
DA:492,0
DA:493,0
DA:496,0
DA:497,0
DA:498,0
DA:501,0
DA:504,0
DA:507,0
DA:510,0
DA:521,0
DA:527,0
DA:529,0
DA:530,0
DA:531,0
DA:534,0
DA:537,0
DA:540,0
DA:541,0
DA:544,0
DA:545,0
DA:548,0
DA:549,0
DA:552,0
DA:553,0
DA:555,0
DA:556,0
DA:559,0
DA:571,0
DA:573,0
DA:574,0
DA:575,0
DA:577,0
DA:578,0
DA:590,0
DA:593,0
DA:595,0
DA:596,0
DA:598,0
DA:601,0
DA:605,0
DA:606,0
DA:609,0
DA:611,0
DA:615,0
DA:618,0
DA:620,0
DA:623,0
DA:626,0
DA:636,0
DA:637,0
DA:640,0
DA:641,0
DA:644,0
DA:646,0
DA:650,0
DA:653,0
DA:654,0
DA:655,0
DA:657,0
DA:659,0
DA:660,0
DA:664,0
DA:666,0
DA:668,0
DA:678,0
DA:681,0
DA:684,0
DA:687,0
DA:688,0
DA:689,0
DA:692,0
DA:695,0
DA:697,0
DA:699,0
DA:702,0
DA:742,0
DA:743,0
DA:744,0
DA:748,0
DA:749,0
DA:750,0
DA:751,0
DA:757,0
DA:758,0
DA:759,0
DA:760,0
DA:764,0
DA:765,0
DA:766,0
DA:767,0
DA:770,0
DA:773,0
DA:777,0
DA:780,0
DA:782,0
DA:783,0
DA:786,0
DA:787,0
DA:788,0
DA:791,0
DA:794,0
DA:797,0
DA:800,0
DA:810,0
DA:811,0
DA:812,0
DA:816,0
DA:819,0
DA:820,0
DA:821,0
DA:822,0
DA:824,0
DA:825,0
DA:836,0
DA:837,0
DA:840,0
DA:841,0
DA:843,0
DA:846,0
DA:850,0
DA:851,0
DA:854,0
DA:856,0
DA:860,0
DA:863,0
DA:864,0
DA:865,0
DA:866,0
DA:870,0
DA:872,0
DA:874,0
DA:884,0
DA:887,0
DA:888,0
DA:891,0
DA:894,0
DA:897,0
DA:899,0
DA:910,0
DA:911,0
DA:915,0
DA:916,0
DA:917,0
DA:921,0
DA:922,0
DA:924,0
DA:926,0
DA:927,0
DA:928,0
DA:932,0
DA:935,0
DA:936,0
DA:938,0
DA:940,0
DA:941,0
DA:944,0
DA:951,0
DA:954,0
DA:957,0
DA:958,0
DA:962,0
DA:963,0
DA:967,0
DA:968,0
DA:972,0
DA:977,0
DA:979,0
DA:980,0
DA:981,0
DA:982,0
DA:984,0
DA:987,0
DA:990,0
DA:991,0
DA:992,0
DA:993,0
DA:994,0
DA:995,0
DA:999,0
DA:1000,0
DA:1004,0
DA:1006,0
DA:1007,0
DA:1009,0
DA:1010,0
DA:1013,0
DA:1014,0
DA:1017,0
DA:1025,0
DA:1027,0
DA:1028,0
DA:1031,0
DA:1032,0
DA:1035,0
DA:1038,0
DA:1040,0
DA:1049,0
DA:1051,0
DA:1054,0
DA:1058,0
DA:1060,0
DA:1062,0
DA:1064,0
DA:1067,0
DA:1069,0
DA:1070,0
DA:1073,0
DA:1074,0
DA:1077,0
DA:1079,0
DA:1081,0
DA:1089,0
DA:1090,0
DA:1093,0
DA:1096,0
DA:1097,0
DA:1098,0
DA:1100,0
DA:1101,0
DA:1104,0
DA:1106,0
DA:1107,0
DA:1118,0
DA:1120,0
DA:1122,0
DA:1123,0
DA:1124,0
DA:1126,0
DA:1130,0
DA:1131,0
DA:1134,0
DA:1135,0
DA:1138,0
DA:1139,0
DA:1141,0
DA:1143,0
DA:1144,0
DA:1145,0
DA:1148,0
DA:1149,0
DA:1150,0
DA:1151,0
DA:1152,0
DA:1153,0
DA:1155,0
DA:1161,0
DA:1162,0
DA:1165,0
DA:1166,0
DA:1167,0
DA:1169,0
DA:1171,0
DA:1172,0
DA:1173,0
DA:1174,0
DA:1178,0
DA:1179,0
DA:1180,0
DA:1181,0
DA:1182,0
DA:1183,0
DA:1184,0
DA:1187,0
DA:1193,0
DA:1194,0
DA:1197,0
DA:1198,0
DA:1199,0
DA:1201,0
DA:1203,0
DA:1204,0
DA:1205,0
DA:1206,0
DA:1210,0
DA:1211,0
DA:1212,0
DA:1213,0
DA:1214,0
DA:1215,0
DA:1216,0
DA:1219,0
DA:1225,0
DA:1226,0
DA:1228,0
DA:1229,0
DA:1231,0
DA:1233,0
DA:1234,0
DA:1235,0
DA:1236,0
DA:1240,0
DA:1241,0
DA:1242,0
DA:1243,0
DA:1244,0
DA:1245,0
DA:1246,0
DA:1249,0
DA:1254,0
DA:1255,0
DA:1262,0
DA:1265,0
DA:1267,0
DA:1269,0
DA:1270,0
DA:1273,0
DA:1274,0
DA:1276,0
DA:1279,0
DA:1283,0
DA:1284,0
DA:1292,0
DA:1295,0
DA:1296,0
DA:1298,0
DA:1299,0
DA:1300,0
DA:1301,0
DA:1305,0
DA:1306,0
DA:1309,0
DA:1313,0
DA:1316,0
DA:1317,0
DA:1319,0
DA:1321,0
DA:1323,0
DA:1324,0
DA:1326,0
DA:1327,0
DA:1335,0
DA:1338,0
DA:1339,0
DA:1340,0
DA:1341,0
DA:1342,0
DA:1343,0
DA:1344,0
DA:1347,0
DA:1348,0
DA:1349,0
DA:1359,0
DA:1362,0
DA:1364,0
DA:1366,0
DA:1368,0
DA:1371,0
LF:537
LH:12
BRDA:62,0,0,0
BRDA:62,0,1,0
BRDA:79,1,0,0
BRDA:79,1,1,0
BRDA:80,2,0,0
BRDA:85,3,0,0
BRDA:138,4,0,0
BRDA:157,5,0,0
BRDA:166,6,0,0
BRDA:167,7,0,0
BRDA:168,8,0,0
BRDA:172,9,0,0
BRDA:172,10,0,0
BRDA:172,10,1,0
BRDA:181,11,0,0
BRDA:192,12,0,0
BRDA:197,13,0,0
BRDA:232,14,0,0
BRDA:260,15,0,0
BRDA:280,16,0,0
BRDA:283,17,0,0
BRDA:288,18,0,0
BRDA:311,19,0,0
BRDA:324,20,0,0
BRDA:332,21,0,0
BRDA:352,22,0,0
BRDA:352,23,0,0
BRDA:352,23,1,0
BRDA:359,24,0,0
BRDA:359,24,1,0
BRDA:380,25,0,0
BRDA:390,26,0,0
BRDA:395,27,0,0
BRDA:411,28,0,0
BRDA:416,29,0,0
BRDA:418,30,0,0
BRDA:418,30,1,0
BRDA:484,31,0,0
BRDA:492,32,0,0
BRDA:492,32,1,0
BRDA:497,33,0,0
BRDA:519,34,0,0
BRDA:529,35,0,0
BRDA:537,36,0,0
BRDA:537,36,1,0
BRDA:537,36,2,0
BRDA:537,36,3,0
BRDA:537,36,4,0
BRDA:552,37,0,0
BRDA:552,37,1,0
BRDA:573,38,0,0
BRDA:573,38,1,0
BRDA:593,39,0,0
BRDA:596,40,0,0
BRDA:605,41,0,0
BRDA:618,42,0,0
BRDA:636,43,0,0
BRDA:640,44,0,0
BRDA:654,45,0,0
BRDA:688,46,0,0
BRDA:688,46,1,0
BRDA:699,47,0,0
BRDA:699,47,1,0
BRDA:742,48,0,0
BRDA:749,49,0,0
BRDA:757,50,0,0
BRDA:757,50,1,0
BRDA:765,51,0,0
BRDA:765,52,0,0
BRDA:765,52,1,0
BRDA:765,52,2,0
BRDA:782,53,0,0
BRDA:782,53,1,0
BRDA:787,54,0,0
BRDA:810,55,0,0
BRDA:819,56,0,0
BRDA:819,56,1,0
BRDA:836,57,0,0
BRDA:841,58,0,0
BRDA:850,59,0,0
BRDA:864,60,0,0
BRDA:884,61,0,0
BRDA:888,62,0,0
BRDA:888,63,0,0
BRDA:888,63,1,0
BRDA:891,64,0,0
BRDA:910,65,0,0
BRDA:910,66,0,0
BRDA:910,66,1,0
BRDA:916,67,0,0
BRDA:926,68,0,0
BRDA:935,69,0,0
BRDA:957,70,0,0
BRDA:962,71,0,0
BRDA:967,72,0,0
BRDA:977,73,0,0
BRDA:977,73,1,0
BRDA:979,74,0,0
BRDA:979,74,1,0
BRDA:981,75,0,0
BRDA:981,75,1,0
BRDA:991,76,0,0
BRDA:991,76,1,0
BRDA:991,76,2,0
BRDA:991,76,3,0
BRDA:1004,77,0,0
BRDA:1004,77,1,0
BRDA:1004,77,2,0
BRDA:1027,78,0,0
BRDA:1027,78,1,0
BRDA:1058,79,0,0
BRDA:1058,79,1,0
BRDA:1062,80,0,0
BRDA:1062,80,1,0
BRDA:1079,81,0,0
BRDA:1097,82,0,0
BRDA:1097,82,1,0
BRDA:1120,83,0,0
BRDA:1134,84,0,0
BRDA:1141,85,0,0
BRDA:1141,85,1,0
BRDA:1150,86,0,0
BRDA:1150,86,1,0
BRDA:1165,87,0,0
BRDA:1169,88,0,0
BRDA:1169,88,1,0
BRDA:1173,89,0,0
BRDA:1180,90,0,0
BRDA:1180,90,1,0
BRDA:1183,91,0,0
BRDA:1197,92,0,0
BRDA:1201,93,0,0
BRDA:1201,93,1,0
BRDA:1205,94,0,0
BRDA:1212,95,0,0
BRDA:1212,95,1,0
BRDA:1215,96,0,0
BRDA:1228,97,0,0
BRDA:1231,98,0,0
BRDA:1231,98,1,0
BRDA:1235,99,0,0
BRDA:1242,100,0,0
BRDA:1242,100,1,0
BRDA:1245,101,0,0
BRDA:1265,102,0,0
BRDA:1265,102,1,0
BRDA:1267,103,0,0
BRDA:1269,104,0,0
BRDA:1269,104,1,0
BRDA:1299,105,0,0
BRDA:1305,106,0,0
BRDA:1305,106,1,0
BRDA:1317,107,0,0
BRDA:1317,107,1,0
BRDA:1362,108,0,0
BRDA:1362,108,1,0
BRF:156
BRH:0
end_of_record
TN:
SF:src/game.ts
FN:11,(anonymous_0)
FN:43,(anonymous_1)
FN:53,(anonymous_2)
FN:80,(anonymous_3)
FN:84,(anonymous_4)
FN:93,(anonymous_5)
FN:97,(anonymous_6)
FN:101,(anonymous_7)
FN:105,(anonymous_8)
FN:109,(anonymous_9)
FN:113,(anonymous_10)
FN:118,(anonymous_11)
FN:122,(anonymous_12)
FN:128,(anonymous_13)
FN:132,(anonymous_14)
FN:136,(anonymous_15)
FN:141,(anonymous_16)
FN:142,(anonymous_17)
FN:145,(anonymous_18)
FN:146,(anonymous_19)
FN:150,(anonymous_20)
FN:154,(anonymous_21)
FN:158,(anonymous_22)
FN:163,(anonymous_23)
FN:178,(anonymous_24)
FNF:25
FNH:1
FNDA:4,(anonymous_0)
FNDA:0,(anonymous_1)
FNDA:0,(anonymous_2)
FNDA:0,(anonymous_3)
FNDA:0,(anonymous_4)
FNDA:0,(anonymous_5)
FNDA:0,(anonymous_6)
FNDA:0,(anonymous_7)
FNDA:0,(anonymous_8)
FNDA:0,(anonymous_9)
FNDA:0,(anonymous_10)
FNDA:0,(anonymous_11)
FNDA:0,(anonymous_12)
FNDA:0,(anonymous_13)
FNDA:0,(anonymous_14)
FNDA:0,(anonymous_15)
FNDA:0,(anonymous_16)
FNDA:0,(anonymous_17)
FNDA:0,(anonymous_18)
FNDA:0,(anonymous_19)
FNDA:0,(anonymous_20)
FNDA:0,(anonymous_21)
FNDA:0,(anonymous_22)
FNDA:0,(anonymous_23)
FNDA:0,(anonymous_24)
DA:2,4
DA:4,4
DA:5,4
DA:6,4
DA:7,4
DA:8,4
DA:11,4
DA:12,4
DA:13,4
DA:14,4
DA:15,4
DA:16,4
DA:29,4
DA:31,0
DA:32,0
DA:33,0
DA:34,0
DA:35,0
DA:36,0
DA:37,0
DA:38,0
DA:41,0
DA:45,0
DA:46,0
DA:55,0
DA:57,0
DA:59,0
DA:62,0
DA:65,0
DA:68,0
DA:72,0
DA:73,0
DA:74,0
DA:76,0
DA:81,0
DA:85,0
DA:86,0
DA:87,0
DA:89,0
DA:94,0
DA:98,0
DA:102,0
DA:106,0
DA:110,0
DA:114,0
DA:119,0
DA:123,0
DA:124,0
DA:125,0
DA:129,0
DA:133,0
DA:137,0
DA:142,0
DA:146,0
DA:151,0
DA:155,0
DA:159,0
DA:164,0
DA:165,0
DA:166,0
DA:169,0
DA:180,0
DA:181,0
DA:182,0
DA:183,0
DA:184,0
DA:187,0
DA:190,0
DA:191,0
DA:192,0
DA:193,0
DA:194,0
DA:195,0
DA:196,0
DA:200,0
DA:201,0
DA:203,0
LF:77
LH:13
BRDA:11,0,0,4
BRDA:11,0,1,4
BRDA:46,1,0,0
BRDA:46,1,1,0
BRDA:57,2,0,0
BRDA:57,2,1,0
BRDA:85,3,0,0
BRDA:85,3,1,0
BRDA:85,4,0,0
BRDA:85,4,1,0
BRDA:123,5,0,0
BRDA:123,5,1,0
BRDA:165,6,0,0
BRF:13
BRH:2
end_of_record
TN:
SF:src/human-player.ts
FN:4,(anonymous_0)
FNF:1
FNH:0
FNDA:0,(anonymous_0)
DA:1,4
DA:3,4
DA:5,0
LF:3
LH:2
BRF:0
BRH:0
end_of_record
TN:
SF:src/input.ts
FN:39,askQuestion
FN:61,askQuestionWithOptions
FN:77,(anonymous_11)
FN:81,(anonymous_12)
FN:112,(anonymous_13)
FN:140,(anonymous_14)
FN:175,askConfirmation
FN:201,(anonymous_16)
FN:205,(anonymous_17)
FN:210,(anonymous_18)
FN:214,(anonymous_19)
FN:218,(anonymous_20)
FN:225,(anonymous_21)
FN:241,(anonymous_22)
FN:246,(anonymous_23)
FN:254,(anonymous_24)
FN:259,(anonymous_25)
FN:279,(anonymous_26)
FN:284,(anonymous_27)
FN:289,(anonymous_28)
FN:294,(anonymous_29)
FN:299,(anonymous_30)
FN:310,getNextDiscardIndex
FN:378,getPlayerChiChoice
FN:390,(anonymous_33)
FN:391,(anonymous_34)
FN:421,getPlayerActionChoice
FN:435,(anonymous_36)
FN:481,getEventHandler
FN:491,handlePlayerAction
FN:601,(anonymous_39)
FN:611,(anonymous_40)
FN:694,getNumberInput
FN:732,getSelectionFromList
FN:745,(anonymous_43)
FN:775,askMultipleChoice
FN:786,(anonymous_45)
FNF:37
FNH:0
FNDA:0,askQuestion
FNDA:0,askQuestionWithOptions
FNDA:0,(anonymous_11)
FNDA:0,(anonymous_12)
FNDA:0,(anonymous_13)
FNDA:0,(anonymous_14)
FNDA:0,askConfirmation
FNDA:0,(anonymous_16)
FNDA:0,(anonymous_17)
FNDA:0,(anonymous_18)
FNDA:0,(anonymous_19)
FNDA:0,(anonymous_20)
FNDA:0,(anonymous_21)
FNDA:0,(anonymous_22)
FNDA:0,(anonymous_23)
FNDA:0,(anonymous_24)
FNDA:0,(anonymous_25)
FNDA:0,(anonymous_26)
FNDA:0,(anonymous_27)
FNDA:0,(anonymous_28)
FNDA:0,(anonymous_29)
FNDA:0,(anonymous_30)
FNDA:0,getNextDiscardIndex
FNDA:0,getPlayerChiChoice
FNDA:0,(anonymous_33)
FNDA:0,(anonymous_34)
FNDA:0,getPlayerActionChoice
FNDA:0,(anonymous_36)
FNDA:0,getEventHandler
FNDA:0,handlePlayerAction
FNDA:0,(anonymous_39)
FNDA:0,(anonymous_40)
FNDA:0,getNumberInput
FNDA:0,getSelectionFromList
FNDA:0,(anonymous_43)
FNDA:0,askMultipleChoice
FNDA:0,(anonymous_45)
DA:1,3
DA:3,3
DA:4,3
DA:6,3
DA:7,3
DA:8,3
DA:9,3
DA:10,3
DA:25,3
DA:39,3
DA:45,0
DA:47,0
DA:61,3
DA:66,0
DA:72,0
DA:77,0
DA:78,0
DA:81,0
DA:82,0
DA:83,0
DA:86,0
DA:88,0
DA:89,0
DA:90,0
DA:93,0
DA:96,0
DA:98,0
DA:103,0
DA:105,0
DA:107,0
DA:110,0
DA:112,0
DA:114,0
DA:115,0
DA:116,0
DA:117,0
DA:119,0
DA:123,0
DA:126,0
DA:127,0
DA:128,0
DA:129,0
DA:131,0
DA:135,0
DA:140,0
DA:142,0
DA:143,0
DA:144,0
DA:146,0
DA:147,0
DA:148,0
DA:151,0
DA:152,0
DA:155,0
DA:156,0
DA:159,0
DA:161,0
DA:175,3
DA:180,0
DA:181,0
DA:183,0
DA:185,0
DA:186,0
DA:190,0
DA:192,0
DA:193,0
DA:195,0
DA:199,3
DA:202,0
DA:206,0
DA:211,0
DA:215,0
DA:220,0
DA:221,0
DA:227,0
DA:229,0
DA:230,0
DA:232,0
DA:233,0
DA:234,0
DA:235,0
DA:242,0
DA:248,0
DA:251,0
DA:254,0
DA:255,0
DA:259,0
DA:260,0
DA:261,0
DA:263,0
DA:266,0
DA:269,0
DA:270,0
DA:273,0
DA:280,0
DA:285,0
DA:290,0
DA:295,0
DA:300,0
DA:310,3
DA:315,0
DA:317,0
DA:318,0
DA:319,0
DA:320,0
DA:325,0
DA:328,0
DA:329,0
DA:330,0
DA:331,0
DA:335,0
DA:336,0
DA:337,0
DA:340,0
DA:341,0
DA:342,0
DA:346,0
DA:349,0
DA:350,0
DA:351,0
DA:352,0
DA:355,0
DA:356,0
DA:357,0
DA:358,0
DA:362,0
DA:363,0
DA:365,0
DA:366,0
DA:367,0
DA:368,0
DA:378,3
DA:382,0
DA:383,0
DA:384,0
DA:387,0
DA:390,0
DA:391,0
DA:395,0
DA:398,0
DA:399,0
DA:402,0
DA:403,0
DA:404,0
DA:407,0
DA:408,0
DA:412,0
DA:421,3
DA:425,0
DA:426,0
DA:430,0
DA:432,0
DA:435,0
DA:436,0
DA:437,0
DA:439,0
DA:441,0
DA:442,0
DA:444,0
DA:445,0
DA:447,0
DA:448,0
DA:450,0
DA:451,0
DA:453,0
DA:458,0
DA:459,0
DA:462,0
DA:465,0
DA:466,0
DA:470,0
DA:471,0
DA:472,0
DA:473,0
DA:476,0
DA:482,0
DA:491,3
DA:496,0
DA:499,0
DA:502,0
DA:503,0
DA:507,0
DA:511,0
DA:512,0
DA:513,0
DA:515,0
DA:518,0
DA:521,0
DA:522,0
DA:523,0
DA:525,0
DA:526,0
DA:527,0
DA:529,0
DA:530,0
DA:531,0
DA:533,0
DA:534,0
DA:535,0
DA:539,0
DA:542,0
DA:545,0
DA:548,0
DA:549,0
DA:550,0
DA:554,0
DA:555,0
DA:557,0
DA:560,0
DA:563,0
DA:564,0
DA:566,0
DA:570,0
DA:573,0
DA:576,0
DA:577,0
DA:579,0
DA:583,0
DA:588,0
DA:589,0
DA:591,0
DA:594,0
DA:595,0
DA:596,0
DA:598,0
DA:601,0
DA:604,0
DA:607,0
DA:609,0
DA:612,0
DA:619,0
DA:620,0
DA:622,0
DA:625,0
DA:627,0
DA:628,0
DA:630,0
DA:635,0
DA:636,0
DA:638,0
DA:641,0
DA:642,0
DA:644,0
DA:646,0
DA:648,0
DA:649,0
DA:651,0
DA:654,0
DA:656,0
DA:657,0
DA:659,0
DA:664,0
DA:665,0
DA:668,0
DA:672,0
DA:673,0
DA:676,0
DA:677,0
DA:680,0
DA:681,0
DA:694,3
DA:701,0
DA:702,0
DA:704,0
DA:706,0
DA:707,0
DA:710,0
DA:711,0
DA:712,0
DA:713,0
DA:716,0
DA:717,0
DA:718,0
DA:721,0
DA:732,3
DA:738,0
DA:739,0
DA:740,0
DA:744,0
DA:745,0
DA:746,0
DA:747,0
DA:751,0
DA:753,0
DA:754,0
DA:757,0
DA:759,0
DA:760,0
DA:761,0
DA:764,0
DA:775,3
DA:782,0
DA:785,0
DA:786,0
DA:787,0
DA:791,0
DA:794,0
DA:801,0
DA:802,0
DA:803,0
DA:806,0
LF:301
LH:20
BRDA:41,0,0,0
BRDA:42,1,0,0
BRDA:63,2,0,0
BRDA:82,3,0,0
BRDA:88,4,0,0
BRDA:105,5,0,0
BRDA:105,6,0,0
BRDA:105,6,1,0
BRDA:114,7,0,0
BRDA:115,8,0,0
BRDA:126,9,0,0
BRDA:127,10,0,0
BRDA:142,11,0,0
BRDA:146,12,0,0
BRDA:151,13,0,0
BRDA:177,14,0,0
BRDA:178,15,0,0
BRDA:180,16,0,0
BRDA:180,16,1,0
BRDA:185,17,0,0
BRDA:185,18,0,0
BRDA:185,18,1,0
BRDA:192,19,0,0
BRDA:192,20,0,0
BRDA:192,20,1,0
BRDA:211,21,0,0
BRDA:211,21,1,0
BRDA:220,22,0,0
BRDA:220,23,0,0
BRDA:220,23,1,0
BRDA:227,24,0,0
BRDA:227,25,0,0
BRDA:227,25,1,0
BRDA:232,26,0,0
BRDA:232,26,1,0
BRDA:234,27,0,0
BRDA:246,28,0,0
BRDA:251,29,0,0
BRDA:251,29,1,0
BRDA:254,30,0,0
BRDA:254,30,1,0
BRDA:269,31,0,0
BRDA:269,31,1,0
BRDA:270,32,0,0
BRDA:270,32,1,0
BRDA:313,33,0,0
BRDA:317,34,0,0
BRDA:319,35,0,0
BRDA:328,36,0,0
BRDA:328,37,0,0
BRDA:328,37,1,0
BRDA:330,38,0,0
BRDA:335,39,0,0
BRDA:340,40,0,0
BRDA:341,41,0,0
BRDA:349,42,0,0
BRDA:351,43,0,0
BRDA:355,44,0,0
BRDA:355,45,0,0
BRDA:355,45,1,0
BRDA:357,46,0,0
BRDA:362,47,0,0
BRDA:365,48,0,0
BRDA:365,48,1,0
BRDA:366,49,0,0
BRDA:366,49,1,0
BRDA:367,50,0,0
BRDA:380,51,0,0
BRDA:382,52,0,0
BRDA:382,53,0,0
BRDA:382,53,1,0
BRDA:402,54,0,0
BRDA:402,55,0,0
BRDA:402,55,1,0
BRDA:402,55,2,0
BRDA:407,56,0,0
BRDA:423,57,0,0
BRDA:425,58,0,0
BRDA:425,59,0,0
BRDA:425,59,1,0
BRDA:439,60,0,0
BRDA:439,60,1,0
BRDA:439,60,2,0
BRDA:439,60,3,0
BRDA:439,60,4,0
BRDA:465,61,0,0
BRDA:465,62,0,0
BRDA:465,62,1,0
BRDA:471,63,0,0
BRDA:493,64,0,0
BRDA:502,65,0,0
BRDA:521,66,0,0
BRDA:525,67,0,0
BRDA:529,68,0,0
BRDA:533,69,0,0
BRDA:548,70,0,0
BRDA:554,71,0,0
BRDA:554,72,0,0
BRDA:554,72,1,0
BRDA:563,73,0,0
BRDA:563,74,0,0
BRDA:563,74,1,0
BRDA:563,74,2,0
BRDA:573,75,0,0
BRDA:573,75,1,0
BRDA:573,75,2,0
BRDA:573,75,3,0
BRDA:573,75,4,0
BRDA:576,76,0,0
BRDA:588,77,0,0
BRDA:588,78,0,0
BRDA:588,78,1,0
BRDA:595,79,0,0
BRDA:612,80,0,0
BRDA:612,80,1,0
BRDA:612,80,2,0
BRDA:619,81,0,0
BRDA:627,82,0,0
BRDA:627,82,1,0
BRDA:628,83,0,0
BRDA:628,83,1,0
BRDA:635,84,0,0
BRDA:648,85,0,0
BRDA:656,86,0,0
BRDA:656,86,1,0
BRDA:657,87,0,0
BRDA:657,87,1,0
BRDA:699,88,0,0
BRDA:701,89,0,0
BRDA:701,89,1,0
BRDA:706,90,0,0
BRDA:706,91,0,0
BRDA:706,91,1,0
BRDA:711,92,0,0
BRDA:716,93,0,0
BRDA:716,94,0,0
BRDA:716,94,1,0
BRDA:735,95,0,0
BRDA:736,96,0,0
BRDA:738,97,0,0
BRDA:738,98,0,0
BRDA:738,98,1,0
BRDA:746,99,0,0
BRDA:746,99,1,0
BRDA:753,100,0,0
BRDA:753,101,0,0
BRDA:753,101,1,0
BRDA:759,102,0,0
BRDA:759,103,0,0
BRDA:759,103,1,0
BRDA:759,103,2,0
BRDA:778,104,0,0
BRDA:779,105,0,0
BRDA:802,106,0,0
BRDA:802,107,0,0
BRDA:802,107,1,0
BRDA:802,107,2,0
BRF:157
BRH:0
end_of_record
TN:
SF:src/logger.ts
FN:12,(anonymous_9)
FN:55,setLogLevel
FN:64,getLogLevel
FN:74,log
FN:100,debugLog
FN:108,infoLog
FN:116,warnLog
FN:125,errorLog
FN:144,aiThinkingLog
FN:151,flushLogBuffer
FN:178,getGameStateLog
FN:192,(anonymous_20)
FN:194,(anonymous_21)
FN:195,(anonymous_22)
FN:206,saveGameLogToFile
FN:226,(anonymous_24)
FN:246,flushLogs
FN:251,(anonymous_26)
FN:256,(anonymous_27)
FN:263,(anonymous_28)
FNF:20
FNH:1
FNDA:13,(anonymous_9)
FNDA:0,setLogLevel
FNDA:0,getLogLevel
FNDA:0,log
FNDA:0,debugLog
FNDA:0,infoLog
FNDA:0,warnLog
FNDA:0,errorLog
FNDA:0,aiThinkingLog
FNDA:0,flushLogBuffer
FNDA:0,getGameStateLog
FNDA:0,(anonymous_20)
FNDA:0,(anonymous_21)
FNDA:0,(anonymous_22)
FNDA:0,saveGameLogToFile
FNDA:0,(anonymous_24)
FNDA:0,flushLogs
FNDA:0,(anonymous_26)
FNDA:0,(anonymous_27)
FNDA:0,(anonymous_28)
DA:1,13
DA:2,13
DA:4,13
DA:12,13
DA:13,13
DA:14,13
DA:15,13
DA:16,13
DA:17,13
DA:21,13
DA:37,13
DA:46,13
DA:49,13
DA:55,13
DA:56,0
DA:57,0
DA:64,13
DA:65,0
DA:74,13
DA:76,0
DA:77,0
DA:80,0
DA:81,0
DA:82,0
DA:85,0
DA:88,0
DA:91,0
DA:92,0
DA:100,13
DA:101,0
DA:108,13
DA:109,0
DA:116,13
DA:117,0
DA:125,13
DA:126,0
DA:129,0
DA:130,0
DA:131,0
DA:132,0
DA:136,0
DA:144,13
DA:145,0
DA:152,0
DA:153,0
DA:156,0
DA:158,0
DA:159,0
DA:163,0
DA:164,0
DA:167,0
DA:169,0
DA:179,0
DA:181,0
DA:182,0
DA:183,0
DA:184,0
DA:185,0
DA:187,0
DA:188,0
DA:191,0
DA:192,0
DA:193,0
DA:194,0
DA:195,0
DA:198,0
DA:206,13
DA:207,0
DA:209,0
DA:210,0
DA:214,0
DA:215,0
DA:216,0
DA:219,0
DA:220,0
DA:221,0
DA:224,0
DA:225,0
DA:226,0
DA:227,0
DA:231,0
DA:232,0
DA:235,0
DA:236,0
DA:239,0
DA:241,0
DA:246,13
DA:247,0
DA:251,13
DA:252,0
DA:256,13
DA:257,0
DA:258,0
DA:259,0
DA:263,13
DA:264,0
DA:265,0
DA:267,0
DA:269,0
LF:99
LH:26
BRDA:12,0,0,13
BRDA:12,0,1,13
BRDA:74,1,0,0
BRDA:76,2,0,0
BRDA:80,3,0,0
BRDA:80,3,1,0
BRDA:81,4,0,0
BRDA:81,4,1,0
BRDA:91,5,0,0
BRDA:129,6,0,0
BRDA:131,7,0,0
BRDA:152,8,0,0
BRDA:158,9,0,0
BRDA:169,10,0,0
BRDA:169,10,1,0
BRDA:187,11,0,0
BRDA:209,12,0,0
BRDA:241,13,0,0
BRDA:241,13,1,0
BRDA:264,14,0,0
BRDA:264,14,1,0
BRF:21
BRH:2
end_of_record
TN:
SF:src/player.ts
FN:7,(anonymous_0)
FN:15,(anonymous_1)
FN:37,(anonymous_2)
FN:44,(anonymous_3)
FN:65,(anonymous_4)
FN:70,(anonymous_5)
FN:144,(anonymous_6)
FN:147,(anonymous_7)
FN:155,(anonymous_8)
FN:169,(anonymous_9)
FN:171,(anonymous_10)
FN:178,(anonymous_11)
FN:194,(anonymous_12)
FN:197,(anonymous_13)
FN:205,(anonymous_14)
FN:238,(anonymous_15)
FN:239,(anonymous_16)
FN:256,(anonymous_17)
FN:260,(anonymous_18)
FN:280,(anonymous_19)
FN:281,(anonymous_20)
FN:294,(anonymous_21)
FN:295,(anonymous_22)
FN:299,(anonymous_23)
FN:304,(anonymous_24)
FN:306,(anonymous_25)
FN:311,(anonymous_26)
FN:325,(anonymous_27)
FN:333,(anonymous_28)
FN:334,(anonymous_29)
FN:345,(anonymous_30)
FN:382,(anonymous_31)
FN:383,(anonymous_32)
FN:391,(anonymous_33)
FN:412,(anonymous_34)
FNF:35
FNH:2
FNDA:9,(anonymous_0)
FNDA:9,(anonymous_1)
FNDA:0,(anonymous_2)
FNDA:0,(anonymous_3)
FNDA:0,(anonymous_4)
FNDA:0,(anonymous_5)
FNDA:0,(anonymous_6)
FNDA:0,(anonymous_7)
FNDA:0,(anonymous_8)
FNDA:0,(anonymous_9)
FNDA:0,(anonymous_10)
FNDA:0,(anonymous_11)
FNDA:0,(anonymous_12)
FNDA:0,(anonymous_13)
FNDA:0,(anonymous_14)
FNDA:0,(anonymous_15)
FNDA:0,(anonymous_16)
FNDA:0,(anonymous_17)
FNDA:0,(anonymous_18)
FNDA:0,(anonymous_19)
FNDA:0,(anonymous_20)
FNDA:0,(anonymous_21)
FNDA:0,(anonymous_22)
FNDA:0,(anonymous_23)
FNDA:0,(anonymous_24)
FNDA:0,(anonymous_25)
FNDA:0,(anonymous_26)
FNDA:0,(anonymous_27)
FNDA:0,(anonymous_28)
FNDA:0,(anonymous_29)
FNDA:0,(anonymous_30)
FNDA:0,(anonymous_31)
FNDA:0,(anonymous_32)
FNDA:0,(anonymous_33)
FNDA:0,(anonymous_34)
DA:1,9
DA:3,9
DA:4,9
DA:7,9
DA:8,9
DA:9,9
DA:10,9
DA:11,9
DA:15,9
DA:16,9
DA:17,9
DA:21,9
DA:23,0
DA:25,0
DA:27,0
DA:29,0
DA:31,0
DA:33,0
DA:35,0
DA:38,0
DA:39,0
DA:40,0
DA:45,0
DA:46,0
DA:47,0
DA:51,0
DA:53,0
DA:54,0
DA:57,0
DA:58,0
DA:61,0
DA:66,0
DA:71,0
DA:74,0
DA:75,0
DA:76,0
DA:77,0
DA:81,0
DA:82,0
DA:83,0
DA:87,0
DA:88,0
DA:92,0
DA:93,0
DA:94,0
DA:98,0
DA:99,0
DA:100,0
DA:104,0
DA:105,0
DA:106,0
DA:109,0
DA:111,0
DA:114,0
DA:117,0
DA:118,0
DA:121,0
DA:122,0
DA:124,0
DA:128,0
DA:129,0
DA:131,0
DA:132,0
DA:134,0
DA:135,0
DA:136,0
DA:138,0
DA:139,0
DA:146,0
DA:147,0
DA:148,0
DA:149,0
DA:154,0
DA:155,0
DA:156,0
DA:160,0
DA:165,0
DA:171,0
DA:172,0
DA:173,0
DA:177,0
DA:178,0
DA:179,0
DA:180,0
DA:185,0
DA:190,0
DA:195,0
DA:197,0
DA:198,0
DA:199,0
DA:200,0
DA:204,0
DA:205,0
DA:206,0
DA:207,0
DA:214,0
DA:220,0
DA:224,0
DA:225,0
DA:226,0
DA:227,0
DA:228,0
DA:230,0
DA:234,0
DA:235,0
DA:238,0
DA:239,0
DA:242,0
DA:248,0
DA:253,0
DA:254,0
DA:255,0
DA:256,0
DA:258,0
DA:260,0
DA:261,0
DA:262,0
DA:266,0
DA:267,0
DA:268,0
DA:270,0
DA:275,0
DA:281,0
DA:283,0
DA:284,0
DA:286,0
DA:288,0
DA:295,0
DA:300,0
DA:301,0
DA:304,0
DA:305,0
DA:306,0
DA:313,0
DA:327,0
DA:330,0
DA:333,0
DA:334,0
DA:337,0
DA:346,0
DA:349,0
DA:351,0
DA:352,0
DA:354,0
DA:355,0
DA:357,0
DA:358,0
DA:359,0
DA:361,0
DA:362,0
DA:364,0
DA:365,0
DA:367,0
DA:370,0
DA:375,0
DA:383,0
DA:393,0
DA:398,0
DA:400,0
DA:401,0
DA:404,0
DA:413,0
DA:415,0
LF:163
LH:12
BRDA:7,0,0,9
BRDA:7,0,1,9
BRDA:15,1,0,9
BRDA:15,1,1,9
BRDA:45,2,0,0
BRDA:57,3,0,0
BRDA:74,4,0,0
BRDA:81,5,0,0
BRDA:81,6,0,0
BRDA:81,6,1,0
BRDA:87,7,0,0
BRDA:87,8,0,0
BRDA:87,8,1,0
BRDA:98,9,0,0
BRDA:98,10,0,0
BRDA:98,10,1,0
BRDA:104,11,0,0
BRDA:117,12,0,0
BRDA:134,13,0,0
BRDA:134,13,1,0
BRDA:135,14,0,0
BRDA:135,14,1,0
BRDA:148,15,0,0
BRDA:172,16,0,0
BRDA:179,17,0,0
BRDA:195,18,0,0
BRDA:195,18,1,0
BRDA:198,19,0,0
BRDA:206,20,0,0
BRDA:227,21,0,0
BRDA:235,22,0,0
BRDA:254,23,0,0
BRDA:258,24,0,0
BRDA:261,25,0,0
BRDA:283,26,0,0
BRDA:283,26,1,0
BRDA:284,27,0,0
BRDA:284,27,1,0
BRDA:300,28,0,0
BRDA:305,29,0,0
BRDA:305,29,1,0
BRDA:305,30,0,0
BRDA:305,30,1,0
BRDA:325,31,0,0
BRDA:327,32,0,0
BRDA:327,32,1,0
BRDA:352,33,0,0
BRDA:352,33,1,0
BRDA:355,34,0,0
BRDA:355,34,1,0
BRDA:358,35,0,0
BRDA:359,36,0,0
BRDA:359,36,1,0
BRDA:362,37,0,0
BRDA:362,37,1,0
BRDA:365,38,0,0
BRDA:365,38,1,0
BRDA:391,39,0,0
BRDA:398,40,0,0
BRDA:398,40,1,0
BRDA:401,41,0,0
BRDA:401,41,1,0
BRDA:404,42,0,0
BRDA:404,42,1,0
BRF:64
BRH:4
end_of_record
TN:
SF:src/rule-engine.ts
FN:15,(anonymous_0)
FN:24,(anonymous_1)
FN:37,(anonymous_2)
FN:39,(anonymous_3)
FN:41,(anonymous_4)
FN:44,(anonymous_5)
FN:55,(anonymous_6)
FN:58,(anonymous_7)
FN:71,(anonymous_8)
FN:124,(anonymous_9)
FN:126,(anonymous_10)
FN:146,(anonymous_11)
FN:180,(anonymous_12)
FN:186,(anonymous_13)
FN:192,(anonymous_14)
FN:227,(anonymous_15)
FN:229,(anonymous_16)
FN:234,(anonymous_17)
FN:259,(anonymous_18)
FN:264,(anonymous_19)
FN:301,(anonymous_20)
FN:324,(anonymous_21)
FN:345,(anonymous_22)
FN:368,(anonymous_23)
FN:413,(anonymous_24)
FN:428,(anonymous_25)
FN:443,(anonymous_26)
FN:450,(anonymous_27)
FN:451,(anonymous_28)
FN:452,(anonymous_29)
FN:453,(anonymous_30)
FN:474,(anonymous_31)
FN:478,(anonymous_32)
FN:485,(anonymous_33)
FN:497,(anonymous_34)
FN:529,(anonymous_35)
FN:532,(anonymous_36)
FN:542,(anonymous_37)
FN:568,(anonymous_38)
FN:570,(anonymous_39)
FN:571,(anonymous_40)
FN:572,(anonymous_41)
FN:573,(anonymous_42)
FN:574,(anonymous_43)
FN:575,(anonymous_44)
FN:578,(anonymous_45)
FN:579,(anonymous_46)
FN:580,(anonymous_47)
FN:581,(anonymous_48)
FN:584,(anonymous_49)
FN:585,(anonymous_50)
FN:614,(anonymous_51)
FN:615,(anonymous_52)
FN:642,(anonymous_53)
FN:648,(anonymous_54)
FN:657,(anonymous_55)
FN:660,(anonymous_56)
FN:693,(anonymous_57)
FN:716,(anonymous_58)
FN:821,(anonymous_59)
FN:841,(anonymous_60)
FN:843,(anonymous_61)
FN:851,(anonymous_62)
FN:855,(anonymous_63)
FN:860,(anonymous_64)
FN:893,(anonymous_65)
FNF:66
FNH:0
FNDA:0,(anonymous_0)
FNDA:0,(anonymous_1)
FNDA:0,(anonymous_2)
FNDA:0,(anonymous_3)
FNDA:0,(anonymous_4)
FNDA:0,(anonymous_5)
FNDA:0,(anonymous_6)
FNDA:0,(anonymous_7)
FNDA:0,(anonymous_8)
FNDA:0,(anonymous_9)
FNDA:0,(anonymous_10)
FNDA:0,(anonymous_11)
FNDA:0,(anonymous_12)
FNDA:0,(anonymous_13)
FNDA:0,(anonymous_14)
FNDA:0,(anonymous_15)
FNDA:0,(anonymous_16)
FNDA:0,(anonymous_17)
FNDA:0,(anonymous_18)
FNDA:0,(anonymous_19)
FNDA:0,(anonymous_20)
FNDA:0,(anonymous_21)
FNDA:0,(anonymous_22)
FNDA:0,(anonymous_23)
FNDA:0,(anonymous_24)
FNDA:0,(anonymous_25)
FNDA:0,(anonymous_26)
FNDA:0,(anonymous_27)
FNDA:0,(anonymous_28)
FNDA:0,(anonymous_29)
FNDA:0,(anonymous_30)
FNDA:0,(anonymous_31)
FNDA:0,(anonymous_32)
FNDA:0,(anonymous_33)
FNDA:0,(anonymous_34)
FNDA:0,(anonymous_35)
FNDA:0,(anonymous_36)
FNDA:0,(anonymous_37)
FNDA:0,(anonymous_38)
FNDA:0,(anonymous_39)
FNDA:0,(anonymous_40)
FNDA:0,(anonymous_41)
FNDA:0,(anonymous_42)
FNDA:0,(anonymous_43)
FNDA:0,(anonymous_44)
FNDA:0,(anonymous_45)
FNDA:0,(anonymous_46)
FNDA:0,(anonymous_47)
FNDA:0,(anonymous_48)
FNDA:0,(anonymous_49)
FNDA:0,(anonymous_50)
FNDA:0,(anonymous_51)
FNDA:0,(anonymous_52)
FNDA:0,(anonymous_53)
FNDA:0,(anonymous_54)
FNDA:0,(anonymous_55)
FNDA:0,(anonymous_56)
FNDA:0,(anonymous_57)
FNDA:0,(anonymous_58)
FNDA:0,(anonymous_59)
FNDA:0,(anonymous_60)
FNDA:0,(anonymous_61)
FNDA:0,(anonymous_62)
FNDA:0,(anonymous_63)
FNDA:0,(anonymous_64)
FNDA:0,(anonymous_65)
DA:1,5
DA:2,5
DA:3,5
DA:4,5
DA:5,5
DA:11,5
DA:17,0
DA:18,0
DA:25,0
DA:28,0
DA:31,0
DA:35,0
DA:36,0
DA:37,0
DA:39,0
DA:40,0
DA:41,0
DA:44,0
DA:45,0
DA:49,0
DA:58,0
DA:59,0
DA:61,0
DA:84,0
DA:85,0
DA:86,0
DA:87,0
DA:91,0
DA:92,0
DA:93,0
DA:94,0
DA:98,0
DA:103,0
DA:104,0
DA:105,0
DA:109,0
DA:110,0
DA:111,0
DA:114,0
DA:126,0
DA:127,0
DA:130,0
DA:131,0
DA:138,0
DA:148,0
DA:150,0
DA:151,0
DA:152,0
DA:153,0
DA:155,0
DA:156,0
DA:157,0
DA:161,0
DA:162,0
DA:163,0
DA:171,0
DA:182,0
DA:183,0
DA:184,0
DA:186,0
DA:187,0
DA:190,0
DA:192,0
DA:193,0
DA:194,0
DA:195,0
DA:197,0
DA:200,0
DA:201,0
DA:208,0
DA:217,0
DA:229,0
DA:230,0
DA:234,0
DA:236,0
DA:237,0
DA:241,0
DA:242,0
DA:243,0
DA:250,0
DA:260,0
DA:263,0
DA:264,0
DA:265,0
DA:268,0
DA:269,0
DA:275,0
DA:279,0
DA:280,0
DA:281,0
DA:282,0
DA:283,0
DA:285,0
DA:288,0
DA:289,0
DA:290,0
DA:298,0
DA:299,0
DA:300,0
DA:301,0
DA:302,0
DA:305,0
DA:306,0
DA:314,0
DA:334,0
DA:335,0
DA:359,0
DA:369,0
DA:372,0
DA:373,0
DA:376,0
DA:378,0
DA:379,0
DA:380,0
DA:384,0
DA:385,0
DA:389,0
DA:390,0
DA:394,0
DA:395,0
DA:399,0
DA:400,0
DA:401,0
DA:405,0
DA:415,0
DA:416,0
DA:420,0
DA:430,0
DA:431,0
DA:434,0
DA:444,0
DA:450,0
DA:451,0
DA:452,0
DA:453,0
DA:456,0
DA:457,0
DA:461,0
DA:462,0
DA:463,0
DA:466,0
DA:478,0
DA:479,0
DA:480,0
DA:484,0
DA:485,0
DA:486,0
DA:487,0
DA:488,0
DA:492,0
DA:493,0
DA:494,0
DA:497,0
DA:498,0
DA:499,0
DA:500,0
DA:501,0
DA:502,0
DA:507,0
DA:508,0
DA:509,0
DA:513,0
DA:514,0
DA:516,0
DA:519,0
DA:521,0
DA:531,0
DA:532,0
DA:533,0
DA:534,0
DA:535,0
DA:539,0
DA:540,0
DA:542,0
DA:543,0
DA:544,0
DA:548,0
DA:550,0
DA:551,0
DA:553,0
DA:556,0
DA:557,0
DA:560,0
DA:570,0
DA:571,0
DA:572,0
DA:573,0
DA:574,0
DA:575,0
DA:578,0
DA:579,0
DA:580,0
DA:581,0
DA:584,0
DA:585,0
DA:588,0
DA:590,0
DA:594,0
DA:611,0
DA:612,0
DA:614,0
DA:615,0
DA:616,0
DA:617,0
DA:619,0
DA:620,0
DA:625,0
DA:626,0
DA:628,0
DA:629,0
DA:630,0
DA:631,0
DA:633,0
DA:643,0
DA:644,0
DA:647,0
DA:648,0
DA:650,0
DA:651,0
DA:652,0
DA:657,0
DA:659,0
DA:660,0
DA:661,0
DA:662,0
DA:666,0
DA:667,0
DA:668,0
DA:669,0
DA:671,0
DA:672,0
DA:674,0
DA:675,0
DA:676,0
DA:677,0
DA:678,0
DA:683,0
DA:708,0
DA:724,0
DA:727,0
DA:728,0
DA:729,0
DA:730,0
DA:731,0
DA:733,0
DA:737,0
DA:738,0
DA:739,0
DA:740,0
DA:742,0
DA:747,0
DA:748,0
DA:749,0
DA:750,0
DA:751,0
DA:753,0
DA:757,0
DA:767,0
DA:768,0
DA:769,0
DA:775,0
DA:776,0
DA:777,0
DA:778,0
DA:780,0
DA:785,0
DA:786,0
DA:787,0
DA:791,0
DA:794,0
DA:797,0
DA:799,0
DA:800,0
DA:802,0
DA:804,0
DA:808,0
DA:811,0
DA:812,0
DA:821,0
DA:823,0
DA:824,0
DA:825,0
DA:828,0
DA:831,0
DA:833,0
DA:841,0
DA:842,0
DA:843,0
DA:844,0
DA:851,0
DA:853,0
DA:855,0
DA:856,0
DA:859,0
DA:860,0
DA:861,0
DA:868,0
DA:877,0
DA:894,0
LF:299
LH:6
BRDA:28,0,0,0
BRDA:28,1,0,0
BRDA:28,1,1,0
BRDA:28,1,2,0
BRDA:37,2,0,0
BRDA:37,3,0,0
BRDA:37,3,1,0
BRDA:40,4,0,0
BRDA:41,5,0,0
BRDA:41,5,1,0
BRDA:44,6,0,0
BRDA:59,7,0,0
BRDA:59,7,1,0
BRDA:73,8,0,0
BRDA:74,9,0,0
BRDA:84,10,0,0
BRDA:84,10,1,0
BRDA:86,11,0,0
BRDA:91,12,0,0
BRDA:91,13,0,0
BRDA:91,13,1,0
BRDA:93,14,0,0
BRDA:104,15,0,0
BRDA:109,16,0,0
BRDA:109,16,1,0
BRDA:110,17,0,0
BRDA:127,18,0,0
BRDA:127,18,1,0
BRDA:130,19,0,0
BRDA:152,20,0,0
BRDA:162,21,0,0
BRDA:180,22,0,0
BRDA:183,23,0,0
BRDA:187,24,0,0
BRDA:187,24,1,0
BRDA:190,25,0,0
BRDA:193,26,0,0
BRDA:200,27,0,0
BRDA:230,28,0,0
BRDA:230,28,1,0
BRDA:236,29,0,0
BRDA:236,30,0,0
BRDA:236,30,1,0
BRDA:242,31,0,0
BRDA:259,32,0,0
BRDA:263,33,0,0
BRDA:265,34,0,0
BRDA:265,34,1,0
BRDA:268,35,0,0
BRDA:282,36,0,0
BRDA:289,37,0,0
BRDA:299,38,0,0
BRDA:302,39,0,0
BRDA:302,39,1,0
BRDA:305,40,0,0
BRDA:326,41,0,0
BRDA:327,42,0,0
BRDA:347,43,0,0
BRDA:348,44,0,0
BRDA:368,45,0,0
BRDA:372,46,0,0
BRDA:376,47,0,0
BRDA:376,47,1,0
BRDA:379,48,0,0
BRDA:384,49,0,0
BRDA:389,50,0,0
BRDA:394,51,0,0
BRDA:400,52,0,0
BRDA:415,53,0,0
BRDA:415,54,0,0
BRDA:415,54,1,0
BRDA:420,55,0,0
BRDA:420,55,1,0
BRDA:430,56,0,0
BRDA:430,57,0,0
BRDA:430,57,1,0
BRDA:430,57,2,0
BRDA:434,58,0,0
BRDA:434,58,1,0
BRDA:450,59,0,0
BRDA:450,59,1,0
BRDA:451,60,0,0
BRDA:451,60,1,0
BRDA:452,61,0,0
BRDA:452,61,1,0
BRDA:453,62,0,0
BRDA:453,62,1,0
BRDA:456,63,0,0
BRDA:456,64,0,0
BRDA:456,64,1,0
BRDA:456,64,2,0
BRDA:456,64,3,0
BRDA:479,65,0,0
BRDA:487,66,0,0
BRDA:498,67,0,0
BRDA:498,67,1,0
BRDA:500,68,0,0
BRDA:501,69,0,0
BRDA:516,70,0,0
BRDA:516,70,1,0
BRDA:534,71,0,0
BRDA:553,72,0,0
BRDA:570,73,0,0
BRDA:570,73,1,0
BRDA:571,74,0,0
BRDA:571,74,1,0
BRDA:572,75,0,0
BRDA:572,75,1,0
BRDA:573,76,0,0
BRDA:573,76,1,0
BRDA:574,77,0,0
BRDA:574,77,1,0
BRDA:575,78,0,0
BRDA:575,78,1,0
BRDA:578,79,0,0
BRDA:578,79,1,0
BRDA:579,80,0,0
BRDA:579,80,1,0
BRDA:580,81,0,0
BRDA:580,81,1,0
BRDA:581,82,0,0
BRDA:581,82,1,0
BRDA:584,83,0,0
BRDA:584,83,1,0
BRDA:585,84,0,0
BRDA:585,84,1,0
BRDA:588,85,0,0
BRDA:588,86,0,0
BRDA:588,86,1,0
BRDA:588,86,2,0
BRDA:588,86,3,0
BRDA:588,86,4,0
BRDA:588,86,5,0
BRDA:588,86,6,0
BRDA:588,86,7,0
BRDA:588,86,8,0
BRDA:588,86,9,0
BRDA:588,86,10,0
BRDA:588,86,11,0
BRDA:615,87,0,0
BRDA:615,87,1,0
BRDA:616,88,0,0
BRDA:619,89,0,0
BRDA:619,90,0,0
BRDA:619,90,1,0
BRDA:628,91,0,0
BRDA:628,91,1,0
BRDA:628,92,0,0
BRDA:628,92,1,0
BRDA:630,93,0,0
BRDA:630,93,1,0
BRDA:633,94,0,0
BRDA:633,94,1,0
BRDA:650,95,0,0
BRDA:650,96,0,0
BRDA:650,96,1,0
BRDA:650,96,2,0
BRDA:651,97,0,0
BRDA:661,98,0,0
BRDA:667,99,0,0
BRDA:667,99,1,0
BRDA:668,100,0,0
BRDA:668,100,1,0
BRDA:669,101,0,0
BRDA:669,101,1,0
BRDA:671,102,0,0
BRDA:671,102,1,0
BRDA:671,103,0,0
BRDA:671,103,1,0
BRDA:671,103,2,0
BRDA:677,104,0,0
BRDA:677,105,0,0
BRDA:677,105,1,0
BRDA:677,105,2,0
BRDA:677,105,3,0
BRDA:677,105,4,0
BRDA:677,105,5,0
BRDA:696,106,0,0
BRDA:730,107,0,0
BRDA:739,108,0,0
BRDA:753,109,0,0
BRDA:753,110,0,0
BRDA:753,110,1,0
BRDA:753,110,2,0
BRDA:753,110,3,0
BRDA:753,110,4,0
BRDA:753,110,5,0
BRDA:777,111,0,0
BRDA:797,112,0,0
BRDA:797,112,1,0
BRDA:802,113,0,0
BRDA:802,114,0,0
BRDA:802,114,1,0
BRDA:802,114,2,0
BRDA:802,114,3,0
BRDA:811,115,0,0
BRDA:842,116,0,0
BRDA:842,116,1,0
BRDA:853,117,0,0
BRDA:856,118,0,0
BRDA:856,118,1,0
BRDA:859,119,0,0
BRDA:859,119,1,0
BRDA:894,120,0,0
BRDA:894,120,1,0
BRF:205
BRH:0
end_of_record
TN:
SF:src/rule-types.ts
FN:4,(anonymous_0)
FN:26,(anonymous_1)
FN:34,(anonymous_2)
FNF:3
FNH:3
FNDA:11,(anonymous_0)
FNDA:11,(anonymous_1)
FNDA:11,(anonymous_2)
DA:4,11
DA:5,11
DA:6,11
DA:7,11
DA:8,11
DA:9,11
DA:26,11
DA:27,11
DA:28,11
DA:29,11
DA:30,11
DA:34,11
DA:35,11
DA:36,11
DA:37,11
DA:38,11
DA:39,11
DA:40,11
DA:41,11
DA:42,11
DA:43,11
DA:44,11
DA:45,11
DA:46,11
DA:47,11
DA:48,11
DA:49,11
DA:50,11
DA:51,11
DA:52,11
DA:53,11
DA:54,11
DA:57,11
DA:58,11
DA:59,11
DA:60,11
DA:61,11
DA:62,11
DA:63,11
DA:64,11
DA:65,11
DA:66,11
DA:69,11
DA:70,11
DA:71,11
DA:72,11
DA:73,11
DA:74,11
DA:75,11
DA:76,11
DA:77,11
DA:78,11
DA:79,11
DA:80,11
DA:81,11
DA:82,11
DA:83,11
DA:84,11
DA:85,11
DA:86,11
DA:87,11
DA:90,11
DA:91,11
DA:94,11
LF:64
LH:64
BRDA:4,0,0,11
BRDA:4,0,1,11
BRDA:26,1,0,11
BRDA:26,1,1,11
BRDA:34,2,0,11
BRDA:34,2,1,11
BRF:6
BRH:6
end_of_record
TN:
SF:src/score-calculator.ts
FN:16,(anonymous_0)
FN:201,(anonymous_1)
FN:247,(anonymous_2)
FN:274,(anonymous_3)
FN:608,(anonymous_4)
FN:633,(anonymous_5)
FN:633,(anonymous_6)
FN:634,(anonymous_7)
FNF:8
FNH:0
FNDA:0,(anonymous_0)
FNDA:0,(anonymous_1)
FNDA:0,(anonymous_2)
FNDA:0,(anonymous_3)
FNDA:0,(anonymous_4)
FNDA:0,(anonymous_5)
FNDA:0,(anonymous_6)
FNDA:0,(anonymous_7)
DA:2,8
DA:8,8
DA:17,0
DA:20,0
DA:22,0
DA:23,0
DA:25,0
DA:26,0
DA:28,0
DA:29,0
DA:31,0
DA:32,0
DA:34,0
DA:35,0
DA:37,0
DA:38,0
DA:40,0
DA:41,0
DA:43,0
DA:44,0
DA:46,0
DA:47,0
DA:49,0
DA:50,0
DA:52,0
DA:53,0
DA:55,0
DA:56,0
DA:58,0
DA:59,0
DA:61,0
DA:62,0
DA:64,0
DA:65,0
DA:67,0
DA:68,0
DA:70,0
DA:71,0
DA:73,0
DA:74,0
DA:76,0
DA:77,0
DA:79,0
DA:80,0
DA:82,0
DA:83,0
DA:85,0
DA:86,0
DA:88,0
DA:89,0
DA:91,0
DA:92,0
DA:94,0
DA:95,0
DA:97,0
DA:98,0
DA:100,0
DA:101,0
DA:103,0
DA:104,0
DA:106,0
DA:107,0
DA:109,0
DA:110,0
DA:112,0
DA:113,0
DA:115,0
DA:116,0
DA:118,0
DA:119,0
DA:121,0
DA:122,0
DA:124,0
DA:125,0
DA:127,0
DA:128,0
DA:130,0
DA:131,0
DA:133,0
DA:134,0
DA:136,0
DA:137,0
DA:139,0
DA:140,0
DA:142,0
DA:143,0
DA:145,0
DA:146,0
DA:148,0
DA:149,0
DA:151,0
DA:152,0
DA:154,0
DA:155,0
DA:157,0
DA:158,0
DA:160,0
DA:161,0
DA:163,0
DA:164,0
DA:166,0
DA:167,0
DA:169,0
DA:170,0
DA:172,0
DA:173,0
DA:175,0
DA:176,0
DA:178,0
DA:182,0
DA:183,0
DA:187,0
DA:188,0
DA:191,0
DA:215,0
DA:218,0
DA:223,0
DA:225,0
DA:228,0
DA:231,0
DA:232,0
DA:233,0
DA:236,0
DA:237,0
DA:238,0
DA:241,0
DA:242,0
DA:243,0
DA:247,0
DA:248,0
DA:249,0
DA:250,0
DA:251,0
DA:255,0
DA:256,0
DA:257,0
DA:258,0
DA:261,0
DA:263,0
DA:279,0
DA:281,0
DA:287,0
DA:293,0
DA:299,0
DA:305,0
DA:311,0
DA:317,0
DA:323,0
DA:329,0
DA:335,0
DA:341,0
DA:347,0
DA:353,0
DA:359,0
DA:365,0
DA:371,0
DA:377,0
DA:383,0
DA:389,0
DA:395,0
DA:401,0
DA:407,0
DA:413,0
DA:419,0
DA:425,0
DA:431,0
DA:437,0
DA:443,0
DA:449,0
DA:455,0
DA:461,0
DA:467,0
DA:473,0
DA:479,0
DA:485,0
DA:491,0
DA:497,0
DA:503,0
DA:509,0
DA:515,0
DA:521,0
DA:527,0
DA:533,0
DA:539,0
DA:545,0
DA:551,0
DA:557,0
DA:563,0
DA:569,0
DA:575,0
DA:581,0
DA:587,0
DA:593,0
DA:628,0
DA:629,0
DA:632,0
DA:633,0
DA:634,0
DA:639,0
LF:199
LH:2
BRDA:20,0,0,0
BRDA:20,0,1,0
BRDA:20,0,2,0
BRDA:20,0,3,0
BRDA:20,0,4,0
BRDA:20,0,5,0
BRDA:20,0,6,0
BRDA:20,0,7,0
BRDA:20,0,8,0
BRDA:20,0,9,0
BRDA:20,0,10,0
BRDA:20,0,11,0
BRDA:20,0,12,0
BRDA:20,0,13,0
BRDA:20,0,14,0
BRDA:20,0,15,0
BRDA:20,0,16,0
BRDA:20,0,17,0
BRDA:20,0,18,0
BRDA:20,0,19,0
BRDA:20,0,20,0
BRDA:20,0,21,0
BRDA:20,0,22,0
BRDA:20,0,23,0
BRDA:20,0,24,0
BRDA:20,0,25,0
BRDA:20,0,26,0
BRDA:20,0,27,0
BRDA:20,0,28,0
BRDA:20,0,29,0
BRDA:20,0,30,0
BRDA:20,0,31,0
BRDA:20,0,32,0
BRDA:20,0,33,0
BRDA:20,0,34,0
BRDA:20,0,35,0
BRDA:20,0,36,0
BRDA:20,0,37,0
BRDA:20,0,38,0
BRDA:20,0,39,0
BRDA:20,0,40,0
BRDA:20,0,41,0
BRDA:20,0,42,0
BRDA:20,0,43,0
BRDA:20,0,44,0
BRDA:20,0,45,0
BRDA:20,0,46,0
BRDA:20,0,47,0
BRDA:20,0,48,0
BRDA:20,0,49,0
BRDA:20,0,50,0
BRDA:20,0,51,0
BRDA:20,0,52,0
BRDA:182,1,0,0
BRDA:187,2,0,0
BRDA:204,3,0,0
BRDA:220,4,0,0
BRDA:220,4,1,0
BRDA:221,5,0,0
BRDA:221,5,1,0
BRDA:231,6,0,0
BRDA:236,7,0,0
BRDA:241,8,0,0
BRDA:248,9,0,0
BRDA:256,10,0,0
BRDA:279,11,0,0
BRDA:279,11,1,0
BRDA:279,11,2,0
BRDA:279,11,3,0
BRDA:279,11,4,0
BRDA:279,11,5,0
BRDA:279,11,6,0
BRDA:279,11,7,0
BRDA:279,11,8,0
BRDA:279,11,9,0
BRDA:279,11,10,0
BRDA:279,11,11,0
BRDA:279,11,12,0
BRDA:279,11,13,0
BRDA:279,11,14,0
BRDA:279,11,15,0
BRDA:279,11,16,0
BRDA:279,11,17,0
BRDA:279,11,18,0
BRDA:279,11,19,0
BRDA:279,11,20,0
BRDA:279,11,21,0
BRDA:279,11,22,0
BRDA:279,11,23,0
BRDA:279,11,24,0
BRDA:279,11,25,0
BRDA:279,11,26,0
BRDA:279,11,27,0
BRDA:279,11,28,0
BRDA:279,11,29,0
BRDA:279,11,30,0
BRDA:279,11,31,0
BRDA:279,11,32,0
BRDA:279,11,33,0
BRDA:279,11,34,0
BRDA:279,11,35,0
BRDA:279,11,36,0
BRDA:279,11,37,0
BRDA:279,11,38,0
BRDA:279,11,39,0
BRDA:279,11,40,0
BRDA:279,11,41,0
BRDA:279,11,42,0
BRDA:279,11,43,0
BRDA:279,11,44,0
BRDA:279,11,45,0
BRDA:279,11,46,0
BRDA:279,11,47,0
BRDA:279,11,48,0
BRDA:279,11,49,0
BRDA:279,11,50,0
BRDA:279,11,51,0
BRDA:279,11,52,0
BRDA:611,12,0,0
BRDA:633,13,0,0
BRDA:633,13,1,0
BRDA:633,14,0,0
BRDA:633,14,1,0
BRF:123
BRH:0
end_of_record
TN:
SF:src/tile-manager.ts
FN:17,(anonymous_0)
FN:24,(anonymous_1)
FN:34,(anonymous_2)
FN:51,(anonymous_3)
FN:62,(anonymous_4)
FN:69,(anonymous_5)
FNF:6
FNH:0
FNDA:0,(anonymous_0)
FNDA:0,(anonymous_1)
FNDA:0,(anonymous_2)
FNDA:0,(anonymous_3)
FNDA:0,(anonymous_4)
FNDA:0,(anonymous_5)
DA:1,4
DA:2,4
DA:3,4
DA:11,4
DA:13,0
DA:14,0
DA:15,0
DA:18,0
DA:25,0
DA:26,0
DA:28,0
DA:35,0
DA:36,0
DA:37,0
DA:38,0
DA:39,0
DA:42,0
DA:43,0
DA:44,0
DA:52,0
DA:53,0
DA:55,0
DA:56,0
DA:63,0
DA:70,0
LF:25
LH:4
BRDA:25,0,0,0
BRDA:42,1,0,0
BRDA:52,2,0,0
BRDA:56,3,0,0
BRDA:56,3,1,0
BRF:5
BRH:0
end_of_record
TN:
SF:src/tile.ts
FN:4,(anonymous_0)
FN:13,(anonymous_1)
FN:21,(anonymous_2)
FN:44,(anonymous_3)
FN:51,(anonymous_4)
FN:62,(anonymous_5)
FN:67,(anonymous_6)
FN:77,createFullTileSet
FN:110,shuffleTiles
FN:123,sortTiles
FN:124,(anonymous_10)
FNF:11
FNH:4
FNDA:13,(anonymous_0)
FNDA:13,(anonymous_1)
FNDA:13,(anonymous_2)
FNDA:257,(anonymous_3)
FNDA:0,(anonymous_4)
FNDA:0,(anonymous_5)
FNDA:0,(anonymous_6)
FNDA:0,createFullTileSet
FNDA:0,shuffleTiles
FNDA:0,sortTiles
FNDA:0,(anonymous_10)
DA:1,13
DA:4,13
DA:5,13
DA:6,13
DA:7,13
DA:8,13
DA:9,13
DA:13,13
DA:14,13
DA:15,13
DA:16,13
DA:17,13
DA:21,13
DA:22,13
DA:23,13
DA:24,13
DA:28,13
DA:36,13
DA:43,13
DA:45,257
DA:46,257
DA:47,257
DA:52,0
DA:53,0
DA:54,0
DA:55,0
DA:57,0
DA:63,0
DA:68,0
DA:77,13
DA:78,0
DA:79,0
DA:82,0
DA:83,0
DA:84,0
DA:85,0
DA:91,0
DA:92,0
DA:93,0
DA:98,0
DA:99,0
DA:100,0
DA:104,0
DA:106,0
DA:110,13
DA:111,0
DA:114,0
DA:115,0
DA:116,0
DA:119,0
DA:123,13
DA:124,0
DA:126,0
DA:127,0
DA:128,0
DA:131,0
LF:56
LH:25
BRDA:4,0,0,13
BRDA:4,0,1,13
BRDA:13,1,0,13
BRDA:13,1,1,13
BRDA:21,2,0,13
BRDA:21,2,1,13
BRDA:52,3,0,0
BRDA:52,3,1,0
BRDA:54,4,0,0
BRDA:54,4,1,0
BRDA:63,5,0,0
BRDA:63,5,1,0
BRDA:126,6,0,0
BRF:13
BRH:6
end_of_record
TN:
SF:src/win-conditions.ts
FN:16,(anonymous_0)
FN:17,(anonymous_1)
FN:23,(anonymous_2)
FN:24,(anonymous_3)
FN:33,(anonymous_4)
FN:40,(anonymous_5)
FN:47,(anonymous_6)
FN:54,(anonymous_7)
FN:61,(anonymous_8)
FN:68,(anonymous_9)
FN:84,(anonymous_10)
FN:89,(anonymous_11)
FN:97,(anonymous_12)
FN:123,(anonymous_13)
FN:145,(anonymous_14)
FN:146,(anonymous_15)
FN:147,(anonymous_16)
FN:148,(anonymous_17)
FN:149,(anonymous_18)
FN:150,(anonymous_19)
FN:151,(anonymous_20)
FN:152,(anonymous_21)
FN:153,(anonymous_22)
FN:154,(anonymous_23)
FN:155,(anonymous_24)
FN:156,(anonymous_25)
FN:157,(anonymous_26)
FN:158,(anonymous_27)
FN:168,(anonymous_28)
FN:169,(anonymous_29)
FN:172,(anonymous_30)
FN:173,(anonymous_31)
FN:174,(anonymous_32)
FN:176,(anonymous_33)
FN:180,(anonymous_34)
FN:196,(anonymous_35)
FN:215,(anonymous_36)
FN:220,(anonymous_37)
FN:229,(anonymous_38)
FN:230,(anonymous_39)
FN:231,(anonymous_40)
FN:232,(anonymous_41)
FN:233,(anonymous_42)
FN:234,(anonymous_43)
FN:235,(anonymous_44)
FN:238,(anonymous_45)
FN:239,(anonymous_46)
FN:240,(anonymous_47)
FN:241,(anonymous_48)
FN:242,(anonymous_49)
FN:243,(anonymous_50)
FN:246,(anonymous_51)
FN:247,(anonymous_52)
FN:248,(anonymous_53)
FN:249,(anonymous_54)
FN:250,(anonymous_55)
FN:251,(anonymous_56)
FN:254,(anonymous_57)
FN:255,(anonymous_58)
FN:256,(anonymous_59)
FN:257,(anonymous_60)
FN:258,(anonymous_61)
FN:259,(anonymous_62)
FN:262,(anonymous_63)
FN:263,(anonymous_64)
FN:264,(anonymous_65)
FN:265,(anonymous_66)
FN:266,(anonymous_67)
FN:267,(anonymous_68)
FN:268,(anonymous_69)
FN:271,(anonymous_70)
FN:272,(anonymous_71)
FN:273,(anonymous_72)
FN:274,(anonymous_73)
FN:275,(anonymous_74)
FN:276,(anonymous_75)
FN:277,(anonymous_76)
FN:278,(anonymous_77)
FN:279,(anonymous_78)
FN:280,(anonymous_79)
FN:281,(anonymous_80)
FN:284,(anonymous_81)
FN:286,(anonymous_82)
FN:288,(anonymous_83)
FN:290,(anonymous_84)
FN:291,(anonymous_85)
FN:292,(anonymous_86)
FN:294,(anonymous_87)
FN:295,(anonymous_88)
FN:318,(anonymous_89)
FN:347,(anonymous_90)
FN:348,(anonymous_91)
FN:349,(anonymous_92)
FN:350,(anonymous_93)
FN:351,(anonymous_94)
FN:373,(anonymous_95)
FN:400,(anonymous_96)
FN:412,(anonymous_97)
FN:413,(anonymous_98)
FN:414,(anonymous_99)
FN:418,(anonymous_100)
FN:419,(anonymous_101)
FN:420,(anonymous_102)
FN:496,(anonymous_103)
FN:508,(anonymous_104)
FN:509,(anonymous_105)
FN:510,(anonymous_106)
FN:514,(anonymous_107)
FN:515,(anonymous_108)
FN:516,(anonymous_109)
FN:528,(anonymous_110)
FN:530,(anonymous_111)
FN:531,(anonymous_112)
FN:601,(anonymous_113)
FN:668,(anonymous_114)
FN:724,(anonymous_115)
FN:725,(anonymous_116)
FN:744,(anonymous_117)
FN:764,(anonymous_118)
FN:777,(anonymous_119)
FN:805,(anonymous_120)
FN:818,(anonymous_121)
FN:848,(anonymous_122)
FN:851,(anonymous_123)
FN:871,(anonymous_124)
FN:892,(anonymous_125)
FN:942,(anonymous_126)
FN:949,(anonymous_127)
FN:1003,(anonymous_128)
FN:1011,(anonymous_129)
FN:1017,(anonymous_130)
FN:1019,(anonymous_131)
FN:1036,(anonymous_132)
FN:1045,(anonymous_133)
FN:1053,(anonymous_134)
FN:1065,(anonymous_135)
FN:1073,(anonymous_136)
FN:1101,(anonymous_137)
FN:1104,(anonymous_138)
FN:1113,(anonymous_139)
FN:1116,(anonymous_140)
FN:1125,(anonymous_141)
FN:1128,(anonymous_142)
FN:1137,(anonymous_143)
FN:1140,(anonymous_144)
FN:1149,(anonymous_145)
FN:1150,(anonymous_146)
FN:1156,(anonymous_147)
FN:1160,(anonymous_148)
FN:1165,(anonymous_149)
FN:1168,(anonymous_150)
FN:1176,(anonymous_151)
FN:1177,(anonymous_152)
FN:1186,(anonymous_153)
FN:1189,(anonymous_154)
FN:1209,(anonymous_155)
FN:1222,(anonymous_156)
FN:1223,(anonymous_157)
FN:1233,(anonymous_158)
FN:1235,(anonymous_159)
FN:1244,(anonymous_160)
FN:1251,(anonymous_161)
FN:1258,(anonymous_162)
FN:1298,(anonymous_163)
FN:1299,(anonymous_164)
FN:1305,(anonymous_165)
FN:1316,(anonymous_166)
FN:1320,(anonymous_167)
FN:1325,(anonymous_168)
FN:1329,(anonymous_169)
FN:1335,(anonymous_170)
FN:1336,(anonymous_171)
FN:1342,(anonymous_172)
FN:1343,(anonymous_173)
FN:1351,(anonymous_174)
FN:1353,(anonymous_175)
FN:1362,(anonymous_176)
FN:1366,(anonymous_177)
FN:1370,(anonymous_178)
FN:1420,(anonymous_179)
FN:1424,(anonymous_180)
FN:1436,(anonymous_181)
FN:1438,(anonymous_182)
FN:1442,(anonymous_183)
FN:1443,(anonymous_184)
FN:1444,(anonymous_185)
FN:1486,(anonymous_186)
FN:1488,(anonymous_187)
FN:1492,(anonymous_188)
FN:1493,(anonymous_189)
FN:1527,(anonymous_190)
FN:1545,(anonymous_191)
FN:1547,(anonymous_192)
FN:1551,(anonymous_193)
FN:1552,(anonymous_194)
FN:1553,(anonymous_195)
FN:1553,(anonymous_196)
FN:1603,(anonymous_197)
FN:1622,(anonymous_198)
FN:1633,(anonymous_199)
FN:1640,(anonymous_200)
FN:1643,(anonymous_201)
FN:1662,(anonymous_202)
FN:1695,(anonymous_203)
FN:1696,(anonymous_204)
FN:1697,(anonymous_205)
FN:1709,(anonymous_206)
FN:1712,(anonymous_207)
FN:1720,(anonymous_208)
FN:1742,(anonymous_209)
FN:1765,(anonymous_210)
FN:1768,(anonymous_211)
FN:1769,(anonymous_212)
FN:1770,(anonymous_213)
FN:1822,(anonymous_214)
FN:1825,(anonymous_215)
FN:1826,(anonymous_216)
FN:1867,(anonymous_217)
FN:1873,(anonymous_218)
FN:1888,(anonymous_219)
FN:1904,(anonymous_220)
FN:1909,(anonymous_221)
FN:1910,(anonymous_222)
FN:1911,(anonymous_223)
FN:1934,(anonymous_224)
FN:1951,(anonymous_225)
FN:1955,(anonymous_226)
FN:1969,(anonymous_227)
FN:1996,(anonymous_228)
FN:2017,(anonymous_229)
FN:2038,(anonymous_230)
FN:2049,(anonymous_231)
FN:2051,(anonymous_232)
FN:2064,(anonymous_233)
FN:2073,(anonymous_234)
FN:2076,(anonymous_235)
FN:2077,(anonymous_236)
FN:2118,(anonymous_237)
FN:2137,(anonymous_238)
FN:2141,(anonymous_239)
FN:2149,(anonymous_240)
FN:2153,(anonymous_241)
FN:2162,(anonymous_242)
FN:2165,(anonymous_243)
FN:2173,(anonymous_244)
FN:2190,(anonymous_245)
FN:2191,(anonymous_246)
FN:2192,(anonymous_247)
FN:2212,(anonymous_248)
FN:2222,(anonymous_249)
FN:2232,(anonymous_250)
FN:2242,(anonymous_251)
FN:2259,(anonymous_252)
FN:2268,(anonymous_253)
FN:2279,(anonymous_254)
FN:2296,(anonymous_255)
FNF:256
FNH:0
FNDA:0,(anonymous_0)
FNDA:0,(anonymous_1)
FNDA:0,(anonymous_2)
FNDA:0,(anonymous_3)
FNDA:0,(anonymous_4)
FNDA:0,(anonymous_5)
FNDA:0,(anonymous_6)
FNDA:0,(anonymous_7)
FNDA:0,(anonymous_8)
FNDA:0,(anonymous_9)
FNDA:0,(anonymous_10)
FNDA:0,(anonymous_11)
FNDA:0,(anonymous_12)
FNDA:0,(anonymous_13)
FNDA:0,(anonymous_14)
FNDA:0,(anonymous_15)
FNDA:0,(anonymous_16)
FNDA:0,(anonymous_17)
FNDA:0,(anonymous_18)
FNDA:0,(anonymous_19)
FNDA:0,(anonymous_20)
FNDA:0,(anonymous_21)
FNDA:0,(anonymous_22)
FNDA:0,(anonymous_23)
FNDA:0,(anonymous_24)
FNDA:0,(anonymous_25)
FNDA:0,(anonymous_26)
FNDA:0,(anonymous_27)
FNDA:0,(anonymous_28)
FNDA:0,(anonymous_29)
FNDA:0,(anonymous_30)
FNDA:0,(anonymous_31)
FNDA:0,(anonymous_32)
FNDA:0,(anonymous_33)
FNDA:0,(anonymous_34)
FNDA:0,(anonymous_35)
FNDA:0,(anonymous_36)
FNDA:0,(anonymous_37)
FNDA:0,(anonymous_38)
FNDA:0,(anonymous_39)
FNDA:0,(anonymous_40)
FNDA:0,(anonymous_41)
FNDA:0,(anonymous_42)
FNDA:0,(anonymous_43)
FNDA:0,(anonymous_44)
FNDA:0,(anonymous_45)
FNDA:0,(anonymous_46)
FNDA:0,(anonymous_47)
FNDA:0,(anonymous_48)
FNDA:0,(anonymous_49)
FNDA:0,(anonymous_50)
FNDA:0,(anonymous_51)
FNDA:0,(anonymous_52)
FNDA:0,(anonymous_53)
FNDA:0,(anonymous_54)
FNDA:0,(anonymous_55)
FNDA:0,(anonymous_56)
FNDA:0,(anonymous_57)
FNDA:0,(anonymous_58)
FNDA:0,(anonymous_59)
FNDA:0,(anonymous_60)
FNDA:0,(anonymous_61)
FNDA:0,(anonymous_62)
FNDA:0,(anonymous_63)
FNDA:0,(anonymous_64)
FNDA:0,(anonymous_65)
FNDA:0,(anonymous_66)
FNDA:0,(anonymous_67)
FNDA:0,(anonymous_68)
FNDA:0,(anonymous_69)
FNDA:0,(anonymous_70)
FNDA:0,(anonymous_71)
FNDA:0,(anonymous_72)
FNDA:0,(anonymous_73)
FNDA:0,(anonymous_74)
FNDA:0,(anonymous_75)
FNDA:0,(anonymous_76)
FNDA:0,(anonymous_77)
FNDA:0,(anonymous_78)
FNDA:0,(anonymous_79)
FNDA:0,(anonymous_80)
FNDA:0,(anonymous_81)
FNDA:0,(anonymous_82)
FNDA:0,(anonymous_83)
FNDA:0,(anonymous_84)
FNDA:0,(anonymous_85)
FNDA:0,(anonymous_86)
FNDA:0,(anonymous_87)
FNDA:0,(anonymous_88)
FNDA:0,(anonymous_89)
FNDA:0,(anonymous_90)
FNDA:0,(anonymous_91)
FNDA:0,(anonymous_92)
FNDA:0,(anonymous_93)
FNDA:0,(anonymous_94)
FNDA:0,(anonymous_95)
FNDA:0,(anonymous_96)
FNDA:0,(anonymous_97)
FNDA:0,(anonymous_98)
FNDA:0,(anonymous_99)
FNDA:0,(anonymous_100)
FNDA:0,(anonymous_101)
FNDA:0,(anonymous_102)
FNDA:0,(anonymous_103)
FNDA:0,(anonymous_104)
FNDA:0,(anonymous_105)
FNDA:0,(anonymous_106)
FNDA:0,(anonymous_107)
FNDA:0,(anonymous_108)
FNDA:0,(anonymous_109)
FNDA:0,(anonymous_110)
FNDA:0,(anonymous_111)
FNDA:0,(anonymous_112)
FNDA:0,(anonymous_113)
FNDA:0,(anonymous_114)
FNDA:0,(anonymous_115)
FNDA:0,(anonymous_116)
FNDA:0,(anonymous_117)
FNDA:0,(anonymous_118)
FNDA:0,(anonymous_119)
FNDA:0,(anonymous_120)
FNDA:0,(anonymous_121)
FNDA:0,(anonymous_122)
FNDA:0,(anonymous_123)
FNDA:0,(anonymous_124)
FNDA:0,(anonymous_125)
FNDA:0,(anonymous_126)
FNDA:0,(anonymous_127)
FNDA:0,(anonymous_128)
FNDA:0,(anonymous_129)
FNDA:0,(anonymous_130)
FNDA:0,(anonymous_131)
FNDA:0,(anonymous_132)
FNDA:0,(anonymous_133)
FNDA:0,(anonymous_134)
FNDA:0,(anonymous_135)
FNDA:0,(anonymous_136)
FNDA:0,(anonymous_137)
FNDA:0,(anonymous_138)
FNDA:0,(anonymous_139)
FNDA:0,(anonymous_140)
FNDA:0,(anonymous_141)
FNDA:0,(anonymous_142)
FNDA:0,(anonymous_143)
FNDA:0,(anonymous_144)
FNDA:0,(anonymous_145)
FNDA:0,(anonymous_146)
FNDA:0,(anonymous_147)
FNDA:0,(anonymous_148)
FNDA:0,(anonymous_149)
FNDA:0,(anonymous_150)
FNDA:0,(anonymous_151)
FNDA:0,(anonymous_152)
FNDA:0,(anonymous_153)
FNDA:0,(anonymous_154)
FNDA:0,(anonymous_155)
FNDA:0,(anonymous_156)
FNDA:0,(anonymous_157)
FNDA:0,(anonymous_158)
FNDA:0,(anonymous_159)
FNDA:0,(anonymous_160)
FNDA:0,(anonymous_161)
FNDA:0,(anonymous_162)
FNDA:0,(anonymous_163)
FNDA:0,(anonymous_164)
FNDA:0,(anonymous_165)
FNDA:0,(anonymous_166)
FNDA:0,(anonymous_167)
FNDA:0,(anonymous_168)
FNDA:0,(anonymous_169)
FNDA:0,(anonymous_170)
FNDA:0,(anonymous_171)
FNDA:0,(anonymous_172)
FNDA:0,(anonymous_173)
FNDA:0,(anonymous_174)
FNDA:0,(anonymous_175)
FNDA:0,(anonymous_176)
FNDA:0,(anonymous_177)
FNDA:0,(anonymous_178)
FNDA:0,(anonymous_179)
FNDA:0,(anonymous_180)
FNDA:0,(anonymous_181)
FNDA:0,(anonymous_182)
FNDA:0,(anonymous_183)
FNDA:0,(anonymous_184)
FNDA:0,(anonymous_185)
FNDA:0,(anonymous_186)
FNDA:0,(anonymous_187)
FNDA:0,(anonymous_188)
FNDA:0,(anonymous_189)
FNDA:0,(anonymous_190)
FNDA:0,(anonymous_191)
FNDA:0,(anonymous_192)
FNDA:0,(anonymous_193)
FNDA:0,(anonymous_194)
FNDA:0,(anonymous_195)
FNDA:0,(anonymous_196)
FNDA:0,(anonymous_197)
FNDA:0,(anonymous_198)
FNDA:0,(anonymous_199)
FNDA:0,(anonymous_200)
FNDA:0,(anonymous_201)
FNDA:0,(anonymous_202)
FNDA:0,(anonymous_203)
FNDA:0,(anonymous_204)
FNDA:0,(anonymous_205)
FNDA:0,(anonymous_206)
FNDA:0,(anonymous_207)
FNDA:0,(anonymous_208)
FNDA:0,(anonymous_209)
FNDA:0,(anonymous_210)
FNDA:0,(anonymous_211)
FNDA:0,(anonymous_212)
FNDA:0,(anonymous_213)
FNDA:0,(anonymous_214)
FNDA:0,(anonymous_215)
FNDA:0,(anonymous_216)
FNDA:0,(anonymous_217)
FNDA:0,(anonymous_218)
FNDA:0,(anonymous_219)
FNDA:0,(anonymous_220)
FNDA:0,(anonymous_221)
FNDA:0,(anonymous_222)
FNDA:0,(anonymous_223)
FNDA:0,(anonymous_224)
FNDA:0,(anonymous_225)
FNDA:0,(anonymous_226)
FNDA:0,(anonymous_227)
FNDA:0,(anonymous_228)
FNDA:0,(anonymous_229)
FNDA:0,(anonymous_230)
FNDA:0,(anonymous_231)
FNDA:0,(anonymous_232)
FNDA:0,(anonymous_233)
FNDA:0,(anonymous_234)
FNDA:0,(anonymous_235)
FNDA:0,(anonymous_236)
FNDA:0,(anonymous_237)
FNDA:0,(anonymous_238)
FNDA:0,(anonymous_239)
FNDA:0,(anonymous_240)
FNDA:0,(anonymous_241)
FNDA:0,(anonymous_242)
FNDA:0,(anonymous_243)
FNDA:0,(anonymous_244)
FNDA:0,(anonymous_245)
FNDA:0,(anonymous_246)
FNDA:0,(anonymous_247)
FNDA:0,(anonymous_248)
FNDA:0,(anonymous_249)
FNDA:0,(anonymous_250)
FNDA:0,(anonymous_251)
FNDA:0,(anonymous_252)
FNDA:0,(anonymous_253)
FNDA:0,(anonymous_254)
FNDA:0,(anonymous_255)
DA:1,7
DA:2,7
DA:3,7
DA:5,7
DA:10,7
DA:17,0
DA:24,0
DA:25,0
DA:26,0
DA:34,0
DA:41,0
DA:48,0
DA:55,0
DA:62,0
DA:69,0
DA:70,0
DA:72,0
DA:73,0
DA:74,0
DA:75,0
DA:78,0
DA:89,0
DA:90,0
DA:94,0
DA:95,0
DA:97,0
DA:98,0
DA:102,0
DA:103,0
DA:105,0
DA:106,0
DA:107,0
DA:110,0
DA:135,0
DA:136,0
DA:137,0
DA:140,0
DA:143,0
DA:145,0
DA:146,0
DA:147,0
DA:148,0
DA:149,0
DA:150,0
DA:151,0
DA:152,0
DA:153,0
DA:154,0
DA:155,0
DA:156,0
DA:157,0
DA:158,0
DA:160,0
DA:161,0
DA:166,0
DA:168,0
DA:169,0
DA:172,0
DA:173,0
DA:174,0
DA:176,0
DA:177,0
DA:180,0
DA:181,0
DA:184,0
DA:185,0
DA:190,0
DA:192,0
DA:194,0
DA:195,0
DA:196,0
DA:197,0
DA:202,0
DA:203,0
DA:208,0
DA:210,0
DA:212,0
DA:213,0
DA:215,0
DA:216,0
DA:220,0
DA:221,0
DA:227,0
DA:229,0
DA:230,0
DA:231,0
DA:232,0
DA:233,0
DA:234,0
DA:235,0
DA:238,0
DA:239,0
DA:240,0
DA:241,0
DA:242,0
DA:243,0
DA:246,0
DA:247,0
DA:248,0
DA:249,0
DA:250,0
DA:251,0
DA:254,0
DA:255,0
DA:256,0
DA:257,0
DA:258,0
DA:259,0
DA:262,0
DA:263,0
DA:264,0
DA:265,0
DA:266,0
DA:267,0
DA:268,0
DA:271,0
DA:272,0
DA:273,0
DA:274,0
DA:275,0
DA:276,0
DA:277,0
DA:278,0
DA:279,0
DA:280,0
DA:281,0
DA:284,0
DA:286,0
DA:288,0
DA:290,0
DA:291,0
DA:292,0
DA:294,0
DA:295,0
DA:299,0
DA:300,0
DA:301,0
DA:306,0
DA:335,0
DA:336,0
DA:339,0
DA:343,0
DA:344,0
DA:347,0
DA:348,0
DA:349,0
DA:350,0
DA:351,0
DA:354,0
DA:355,0
DA:363,0
DA:364,0
DA:372,0
DA:373,0
DA:374,0
DA:385,0
DA:387,0
DA:388,0
DA:396,0
DA:399,0
DA:400,0
DA:401,0
DA:411,0
DA:412,0
DA:413,0
DA:414,0
DA:417,0
DA:418,0
DA:419,0
DA:420,0
DA:422,0
DA:423,0
DA:430,0
DA:431,0
DA:434,0
DA:438,0
DA:439,0
DA:440,0
DA:448,0
DA:449,0
DA:450,0
DA:458,0
DA:459,0
DA:460,0
DA:468,0
DA:469,0
DA:470,0
DA:478,0
DA:486,0
DA:487,0
DA:495,0
DA:496,0
DA:497,0
DA:507,0
DA:508,0
DA:509,0
DA:510,0
DA:513,0
DA:514,0
DA:515,0
DA:516,0
DA:518,0
DA:519,0
DA:527,0
DA:528,0
DA:530,0
DA:531,0
DA:532,0
DA:540,0
DA:541,0
DA:544,0
DA:548,0
DA:549,0
DA:550,0
DA:558,0
DA:559,0
DA:560,0
DA:568,0
DA:569,0
DA:570,0
DA:578,0
DA:579,0
DA:580,0
DA:588,0
DA:602,0
DA:657,0
DA:689,0
DA:692,0
DA:700,0
DA:701,0
DA:703,0
DA:704,0
DA:705,0
DA:709,0
DA:710,0
DA:715,0
DA:723,0
DA:724,0
DA:725,0
DA:728,0
DA:730,0
DA:746,0
DA:749,0
DA:753,0
DA:754,0
DA:758,0
DA:766,0
DA:769,0
DA:770,0
DA:774,0
DA:777,0
DA:778,0
DA:779,0
DA:783,0
DA:784,0
DA:788,0
DA:789,0
DA:791,0
DA:793,0
DA:794,0
DA:799,0
DA:807,0
DA:810,0
DA:813,0
DA:814,0
DA:815,0
DA:818,0
DA:819,0
DA:820,0
DA:824,0
DA:825,0
DA:831,0
DA:832,0
DA:834,0
DA:835,0
DA:841,0
DA:842,0
DA:845,0
DA:848,0
DA:849,0
DA:851,0
DA:852,0
DA:855,0
DA:856,0
DA:857,0
DA:858,0
DA:860,0
DA:861,0
DA:865,0
DA:873,0
DA:876,0
DA:879,0
DA:882,0
DA:883,0
DA:886,0
DA:894,0
DA:897,0
DA:914,0
DA:915,0
DA:916,0
DA:917,0
DA:921,0
DA:922,0
DA:923,0
DA:924,0
DA:929,0
DA:930,0
DA:931,0
DA:932,0
DA:936,0
DA:944,0
DA:945,0
DA:949,0
DA:950,0
DA:954,0
DA:955,0
DA:959,0
DA:960,0
DA:961,0
DA:966,0
DA:967,0
DA:971,0
DA:972,0
DA:973,0
DA:978,0
DA:979,0
DA:980,0
DA:983,0
DA:984,0
DA:990,0
DA:991,0
DA:992,0
DA:993,0
DA:994,0
DA:997,0
DA:1004,0
DA:1006,0
DA:1008,0
DA:1009,0
DA:1011,0
DA:1019,0
DA:1022,0
DA:1023,0
DA:1024,0
DA:1027,0
DA:1028,0
DA:1029,0
DA:1033,0
DA:1036,0
DA:1039,0
DA:1040,0
DA:1041,0
DA:1045,0
DA:1046,0
DA:1049,0
DA:1052,0
DA:1053,0
DA:1056,0
DA:1059,0
DA:1069,0
DA:1070,0
DA:1073,0
DA:1074,0
DA:1079,0
DA:1080,0
DA:1081,0
DA:1082,0
DA:1087,0
DA:1088,0
DA:1089,0
DA:1092,0
DA:1102,0
DA:1104,0
DA:1107,0
DA:1114,0
DA:1116,0
DA:1119,0
DA:1126,0
DA:1128,0
DA:1131,0
DA:1138,0
DA:1140,0
DA:1143,0
DA:1150,0
DA:1157,0
DA:1160,0
DA:1161,0
DA:1164,0
DA:1165,0
DA:1168,0
DA:1170,0
DA:1177,0
DA:1178,0
DA:1188,0
DA:1189,0
DA:1193,0
DA:1195,0
DA:1196,0
DA:1197,0
DA:1198,0
DA:1199,0
DA:1200,0
DA:1201,0
DA:1207,0
DA:1208,0
DA:1209,0
DA:1210,0
DA:1213,0
DA:1214,0
DA:1215,0
DA:1222,0
DA:1223,0
DA:1227,0
DA:1235,0
DA:1236,0
DA:1245,0
DA:1252,0
DA:1260,0
DA:1263,0
DA:1264,0
DA:1265,0
DA:1270,0
DA:1271,0
DA:1274,0
DA:1279,0
DA:1281,0
DA:1282,0
DA:1283,0
DA:1284,0
DA:1286,0
DA:1287,0
DA:1292,0
DA:1299,0
DA:1307,0
DA:1309,0
DA:1310,0
DA:1317,0
DA:1320,0
DA:1323,0
DA:1324,0
DA:1325,0
DA:1329,0
DA:1336,0
DA:1343,0
DA:1344,0
DA:1353,0
DA:1354,0
DA:1363,0
DA:1366,0
DA:1367,0
DA:1369,0
DA:1370,0
DA:1373,0
DA:1374,0
DA:1375,0
DA:1379,0
DA:1380,0
DA:1385,0
DA:1386,0
DA:1387,0
DA:1388,0
DA:1390,0
DA:1391,0
DA:1392,0
DA:1395,0
DA:1399,0
DA:1401,0
DA:1402,0
DA:1406,0
DA:1407,0
DA:1408,0
DA:1409,0
DA:1410,0
DA:1414,0
DA:1421,0
DA:1424,0
DA:1425,0
DA:1438,0
DA:1441,0
DA:1442,0
DA:1444,0
DA:1445,0
DA:1449,0
DA:1450,0
DA:1451,0
DA:1452,0
DA:1457,0
DA:1459,0
DA:1460,0
DA:1462,0
DA:1463,0
DA:1465,0
DA:1466,0
DA:1467,0
DA:1472,0
DA:1473,0
DA:1474,0
DA:1475,0
DA:1480,0
DA:1488,0
DA:1491,0
DA:1492,0
DA:1494,0
DA:1498,0
DA:1499,0
DA:1501,0
DA:1502,0
DA:1503,0
DA:1504,0
DA:1509,0
DA:1510,0
DA:1512,0
DA:1513,0
DA:1514,0
DA:1516,0
DA:1517,0
DA:1518,0
DA:1523,0
DA:1524,0
DA:1527,0
DA:1530,0
DA:1531,0
DA:1534,0
DA:1539,0
DA:1547,0
DA:1550,0
DA:1551,0
DA:1553,0
DA:1554,0
DA:1559,0
DA:1561,0
DA:1562,0
DA:1564,0
DA:1565,0
DA:1567,0
DA:1568,0
DA:1569,0
DA:1574,0
DA:1576,0
DA:1577,0
DA:1578,0
DA:1579,0
DA:1585,0
DA:1586,0
DA:1588,0
DA:1589,0
DA:1590,0
DA:1592,0
DA:1593,0
DA:1594,0
DA:1599,0
DA:1600,0
DA:1603,0
DA:1606,0
DA:1607,0
DA:1610,0
DA:1615,0
DA:1623,0
DA:1627,0
DA:1628,0
DA:1629,0
DA:1633,0
DA:1634,0
DA:1637,0
DA:1640,0
DA:1642,0
DA:1643,0
DA:1646,0
DA:1647,0
DA:1648,0
DA:1653,0
DA:1663,0
DA:1666,0
DA:1667,0
DA:1668,0
DA:1670,0
DA:1671,0
DA:1672,0
DA:1673,0
DA:1677,0
DA:1693,0
DA:1694,0
DA:1695,0
DA:1696,0
DA:1697,0
DA:1699,0
DA:1703,0
DA:1711,0
DA:1712,0
DA:1713,0
DA:1718,0
DA:1720,0
DA:1723,0
DA:1727,0
DA:1728,0
DA:1731,0
DA:1732,0
DA:1733,0
DA:1734,0
DA:1735,0
DA:1740,0
DA:1741,0
DA:1742,0
DA:1743,0
DA:1747,0
DA:1750,0
DA:1755,0
DA:1759,0
DA:1767,0
DA:1768,0
DA:1770,0
DA:1771,0
DA:1775,0
DA:1778,0
DA:1779,0
DA:1780,0
DA:1782,0
DA:1786,0
DA:1788,0
DA:1789,0
DA:1791,0
DA:1792,0
DA:1794,0
DA:1798,0
DA:1799,0
DA:1800,0
DA:1801,0
DA:1802,0
DA:1804,0
DA:1810,0
DA:1811,0
DA:1812,0
DA:1816,0
DA:1824,0
DA:1825,0
DA:1826,0
DA:1829,0
DA:1832,0
DA:1833,0
DA:1834,0
DA:1836,0
DA:1840,0
DA:1842,0
DA:1843,0
DA:1844,0
DA:1845,0
DA:1847,0
DA:1848,0
DA:1850,0
DA:1855,0
DA:1856,0
DA:1857,0
DA:1861,0
DA:1869,0
DA:1872,0
DA:1873,0
DA:1876,0
DA:1878,0
DA:1879,0
DA:1880,0
DA:1882,0
DA:1886,0
DA:1887,0
DA:1888,0
DA:1890,0
DA:1891,0
DA:1892,0
DA:1898,0
DA:1906,0
DA:1909,0
DA:1910,0
DA:1911,0
DA:1914,0
DA:1917,0
DA:1920,0
DA:1922,0
DA:1923,0
DA:1924,0
DA:1926,0
DA:1930,0
DA:1933,0
DA:1934,0
DA:1936,0
DA:1938,0
DA:1939,0
DA:1940,0
DA:1945,0
DA:1952,0
DA:1955,0
DA:1956,0
DA:1957,0
DA:1958,0
DA:1959,0
DA:1963,0
DA:1971,0
DA:1974,0
DA:1977,0
DA:1978,0
DA:1981,0
DA:1982,0
DA:1983,0
DA:1984,0
DA:1986,0
DA:1987,0
DA:1989,0
DA:1994,0
DA:1995,0
DA:1996,0
DA:1999,0
DA:2000,0
DA:2001,0
DA:2002,0
DA:2003,0
DA:2007,0
DA:2011,0
DA:2018,0
DA:2021,0
DA:2023,0
DA:2024,0
DA:2026,0
DA:2027,0
DA:2030,0
DA:2031,0
DA:2032,0
DA:2037,0
DA:2038,0
DA:2039,0
DA:2043,0
DA:2051,0
DA:2052,0
DA:2057,0
DA:2058,0
DA:2059,0
DA:2060,0
DA:2064,0
DA:2067,0
DA:2075,0
DA:2076,0
DA:2077,0
DA:2080,0
DA:2083,0
DA:2084,0
DA:2085,0
DA:2087,0
DA:2091,0
DA:2093,0
DA:2094,0
DA:2095,0
DA:2096,0
DA:2098,0
DA:2099,0
DA:2101,0
DA:2106,0
DA:2107,0
DA:2108,0
DA:2112,0
DA:2119,0
DA:2122,0
DA:2124,0
DA:2125,0
DA:2126,0
DA:2131,0
DA:2138,0
DA:2141,0
DA:2142,0
DA:2150,0
DA:2153,0
DA:2154,0
DA:2164,0
DA:2165,0
DA:2167,0
DA:2174,0
DA:2177,0
DA:2179,0
DA:2180,0
DA:2182,0
DA:2183,0
DA:2185,0
DA:2189,0
DA:2190,0
DA:2191,0
DA:2192,0
DA:2194,0
DA:2195,0
DA:2199,0
DA:2214,0
DA:2224,0
DA:2234,0
DA:2244,0
DA:2262,0
DA:2265,0
DA:2268,0
DA:2269,0
DA:2282,0
DA:2285,0
DA:2288,0
DA:2290,0
DA:2291,0
DA:2292,0
DA:2296,0
LF:800
LH:5
BRDA:16,0,0,0
BRDA:26,1,0,0
BRDA:26,1,1,0
BRDA:41,2,0,0
BRDA:41,2,1,0
BRDA:48,3,0,0
BRDA:48,3,1,0
BRDA:48,3,2,0
BRDA:55,4,0,0
BRDA:55,4,1,0
BRDA:73,5,0,0
BRDA:73,5,1,0
BRDA:74,6,0,0
BRDA:74,6,1,0
BRDA:75,7,0,0
BRDA:87,8,0,0
BRDA:90,9,0,0
BRDA:90,9,1,0
BRDA:90,9,2,0
BRDA:98,10,0,0
BRDA:98,10,1,0
BRDA:106,11,0,0
BRDA:106,11,1,0
BRDA:107,12,0,0
BRDA:110,13,0,0
BRDA:110,13,1,0
BRDA:125,14,0,0
BRDA:131,15,0,0
BRDA:137,16,0,0
BRDA:137,16,1,0
BRDA:143,17,0,0
BRDA:143,18,0,0
BRDA:143,18,1,0
BRDA:145,19,0,0
BRDA:145,19,1,0
BRDA:145,19,2,0
BRDA:145,19,3,0
BRDA:145,19,4,0
BRDA:145,19,5,0
BRDA:145,19,6,0
BRDA:145,19,7,0
BRDA:145,19,8,0
BRDA:145,19,9,0
BRDA:145,19,10,0
BRDA:145,19,11,0
BRDA:145,19,12,0
BRDA:145,19,13,0
BRDA:145,20,0,0
BRDA:145,20,1,0
BRDA:146,21,0,0
BRDA:146,21,1,0
BRDA:147,22,0,0
BRDA:147,22,1,0
BRDA:148,23,0,0
BRDA:148,23,1,0
BRDA:149,24,0,0
BRDA:149,24,1,0
BRDA:150,25,0,0
BRDA:150,25,1,0
BRDA:151,26,0,0
BRDA:151,26,1,0
BRDA:152,27,0,0
BRDA:152,27,1,0
BRDA:153,28,0,0
BRDA:153,28,1,0
BRDA:154,29,0,0
BRDA:154,29,1,0
BRDA:155,30,0,0
BRDA:155,30,1,0
BRDA:156,31,0,0
BRDA:156,31,1,0
BRDA:157,32,0,0
BRDA:157,32,1,0
BRDA:158,33,0,0
BRDA:158,33,1,0
BRDA:160,34,0,0
BRDA:166,35,0,0
BRDA:166,36,0,0
BRDA:166,36,1,0
BRDA:169,37,0,0
BRDA:169,37,1,0
BRDA:169,37,2,0
BRDA:172,38,0,0
BRDA:172,38,1,0
BRDA:173,39,0,0
BRDA:173,39,1,0
BRDA:173,39,2,0
BRDA:174,40,0,0
BRDA:174,40,1,0
BRDA:174,40,2,0
BRDA:177,41,0,0
BRDA:177,41,1,0
BRDA:177,41,2,0
BRDA:181,42,0,0
BRDA:181,42,1,0
BRDA:181,42,2,0
BRDA:184,43,0,0
BRDA:184,44,0,0
BRDA:184,44,1,0
BRDA:184,44,2,0
BRDA:184,44,3,0
BRDA:184,44,4,0
BRDA:184,44,5,0
BRDA:190,45,0,0
BRDA:190,46,0,0
BRDA:190,46,1,0
BRDA:194,47,0,0
BRDA:196,48,0,0
BRDA:196,49,0,0
BRDA:196,49,1,0
BRDA:202,50,0,0
BRDA:208,51,0,0
BRDA:208,52,0,0
BRDA:208,52,1,0
BRDA:212,53,0,0
BRDA:215,54,0,0
BRDA:215,55,0,0
BRDA:215,55,1,0
BRDA:215,55,2,0
BRDA:215,55,3,0
BRDA:220,56,0,0
BRDA:220,57,0,0
BRDA:220,57,1,0
BRDA:300,58,0,0
BRDA:320,59,0,0
BRDA:321,60,0,0
BRDA:327,61,0,0
BRDA:343,62,0,0
BRDA:343,63,0,0
BRDA:343,63,1,0
BRDA:343,63,2,0
BRDA:344,64,0,0
BRDA:344,64,1,0
BRDA:347,65,0,0
BRDA:354,66,0,0
BRDA:354,67,0,0
BRDA:354,67,1,0
BRDA:354,67,2,0
BRDA:363,68,0,0
BRDA:363,69,0,0
BRDA:363,69,1,0
BRDA:363,69,2,0
BRDA:373,70,0,0
BRDA:385,71,0,0
BRDA:385,71,1,0
BRDA:387,72,0,0
BRDA:400,73,0,0
BRDA:411,74,0,0
BRDA:411,74,1,0
BRDA:411,74,2,0
BRDA:411,74,3,0
BRDA:417,75,0,0
BRDA:417,75,1,0
BRDA:417,75,2,0
BRDA:417,75,3,0
BRDA:422,76,0,0
BRDA:422,77,0,0
BRDA:422,77,1,0
BRDA:438,78,0,0
BRDA:448,79,0,0
BRDA:458,80,0,0
BRDA:468,81,0,0
BRDA:486,82,0,0
BRDA:496,83,0,0
BRDA:507,84,0,0
BRDA:507,84,1,0
BRDA:507,84,2,0
BRDA:507,84,3,0
BRDA:513,85,0,0
BRDA:513,85,1,0
BRDA:513,85,2,0
BRDA:513,85,3,0
BRDA:518,86,0,0
BRDA:518,87,0,0
BRDA:518,87,1,0
BRDA:527,88,0,0
BRDA:527,89,0,0
BRDA:527,89,1,0
BRDA:530,90,0,0
BRDA:530,91,0,0
BRDA:530,91,1,0
BRDA:548,92,0,0
BRDA:558,93,0,0
BRDA:568,94,0,0
BRDA:578,95,0,0
BRDA:657,96,0,0
BRDA:657,96,1,0
BRDA:670,97,0,0
BRDA:676,98,0,0
BRDA:700,99,0,0
BRDA:700,99,1,0
BRDA:703,100,0,0
BRDA:703,101,0,0
BRDA:703,101,1,0
BRDA:704,102,0,0
BRDA:704,102,1,0
BRDA:704,103,0,0
BRDA:704,103,1,0
BRDA:709,104,0,0
BRDA:709,104,1,0
BRDA:709,105,0,0
BRDA:709,105,1,0
BRDA:746,106,0,0
BRDA:754,107,0,0
BRDA:764,108,0,0
BRDA:764,109,0,0
BRDA:766,110,0,0
BRDA:769,111,0,0
BRDA:770,112,0,0
BRDA:770,112,1,0
BRDA:774,113,0,0
BRDA:778,114,0,0
BRDA:784,115,0,0
BRDA:784,116,0,0
BRDA:784,116,1,0
BRDA:793,117,0,0
BRDA:807,118,0,0
BRDA:810,119,0,0
BRDA:815,120,0,0
BRDA:819,121,0,0
BRDA:825,122,0,0
BRDA:825,123,0,0
BRDA:825,123,1,0
BRDA:825,123,2,0
BRDA:825,123,3,0
BRDA:834,124,0,0
BRDA:845,125,0,0
BRDA:848,126,0,0
BRDA:848,126,1,0
BRDA:848,126,2,0
BRDA:849,127,0,0
BRDA:851,128,0,0
BRDA:851,128,1,0
BRDA:851,128,2,0
BRDA:852,129,0,0
BRDA:860,130,0,0
BRDA:873,131,0,0
BRDA:879,132,0,0
BRDA:883,133,0,0
BRDA:894,134,0,0
BRDA:917,135,0,0
BRDA:917,135,1,0
BRDA:923,136,0,0
BRDA:923,137,0,0
BRDA:923,137,1,0
BRDA:931,138,0,0
BRDA:931,138,1,0
BRDA:932,139,0,0
BRDA:944,140,0,0
BRDA:949,141,0,0
BRDA:954,142,0,0
BRDA:966,143,0,0
BRDA:966,144,0,0
BRDA:966,144,1,0
BRDA:972,145,0,0
BRDA:983,146,0,0
BRDA:991,147,0,0
BRDA:992,148,0,0
BRDA:994,149,0,0
BRDA:1003,150,0,0
BRDA:1006,151,0,0
BRDA:1009,152,0,0
BRDA:1017,153,0,0
BRDA:1019,154,0,0
BRDA:1022,155,0,0
BRDA:1022,156,0,0
BRDA:1022,156,1,0
BRDA:1024,157,0,0
BRDA:1024,158,0,0
BRDA:1024,158,1,0
BRDA:1027,159,0,0
BRDA:1027,160,0,0
BRDA:1027,160,1,0
BRDA:1029,161,0,0
BRDA:1029,162,0,0
BRDA:1029,162,1,0
BRDA:1033,163,0,0
BRDA:1033,164,0,0
BRDA:1033,164,1,0
BRDA:1040,165,0,0
BRDA:1040,165,1,0
BRDA:1049,166,0,0
BRDA:1053,167,0,0
BRDA:1059,168,0,0
BRDA:1059,168,1,0
BRDA:1074,169,0,0
BRDA:1074,169,1,0
BRDA:1074,169,2,0
BRDA:1081,170,0,0
BRDA:1082,171,0,0
BRDA:1082,171,1,0
BRDA:1088,172,0,0
BRDA:1088,172,1,0
BRDA:1089,173,0,0
BRDA:1094,174,0,0
BRDA:1094,174,1,0
BRDA:1101,175,0,0
BRDA:1113,176,0,0
BRDA:1125,177,0,0
BRDA:1137,178,0,0
BRDA:1149,179,0,0
BRDA:1156,180,0,0
BRDA:1161,181,0,0
BRDA:1170,182,0,0
BRDA:1170,182,1,0
BRDA:1176,183,0,0
BRDA:1178,184,0,0
BRDA:1178,184,1,0
BRDA:1178,184,2,0
BRDA:1178,184,3,0
BRDA:1186,185,0,0
BRDA:1189,186,0,0
BRDA:1193,187,0,0
BRDA:1197,188,0,0
BRDA:1200,189,0,0
BRDA:1200,190,0,0
BRDA:1200,190,1,0
BRDA:1200,190,2,0
BRDA:1200,190,3,0
BRDA:1210,191,0,0
BRDA:1214,192,0,0
BRDA:1214,193,0,0
BRDA:1214,193,1,0
BRDA:1214,193,2,0
BRDA:1222,194,0,0
BRDA:1222,194,1,0
BRDA:1223,195,0,0
BRDA:1223,195,1,0
BRDA:1223,195,2,0
BRDA:1223,195,3,0
BRDA:1227,196,0,0
BRDA:1227,196,1,0
BRDA:1236,197,0,0
BRDA:1236,197,1,0
BRDA:1236,197,2,0
BRDA:1236,197,3,0
BRDA:1244,198,0,0
BRDA:1251,199,0,0
BRDA:1258,200,0,0
BRDA:1264,201,0,0
BRDA:1264,202,0,0
BRDA:1264,202,1,0
BRDA:1271,203,0,0
BRDA:1271,204,0,0
BRDA:1271,204,1,0
BRDA:1271,204,2,0
BRDA:1271,204,3,0
BRDA:1282,205,0,0
BRDA:1286,206,0,0
BRDA:1286,207,0,0
BRDA:1286,207,1,0
BRDA:1298,208,0,0
BRDA:1307,209,0,0
BRDA:1310,210,0,0
BRDA:1310,210,1,0
BRDA:1316,211,0,0
BRDA:1320,212,0,0
BRDA:1323,213,0,0
BRDA:1325,214,0,0
BRDA:1329,215,0,0
BRDA:1329,215,1,0
BRDA:1335,216,0,0
BRDA:1342,217,0,0
BRDA:1344,218,0,0
BRDA:1344,218,1,0
BRDA:1351,219,0,0
BRDA:1354,220,0,0
BRDA:1354,220,1,0
BRDA:1354,220,2,0
BRDA:1354,220,3,0
BRDA:1362,221,0,0
BRDA:1367,222,0,0
BRDA:1370,223,0,0
BRDA:1375,224,0,0
BRDA:1375,224,1,0
BRDA:1380,225,0,0
BRDA:1380,226,0,0
BRDA:1380,226,1,0
BRDA:1390,227,0,0
BRDA:1390,228,0,0
BRDA:1390,228,1,0
BRDA:1395,229,0,0
BRDA:1402,230,0,0
BRDA:1402,230,1,0
BRDA:1408,231,0,0
BRDA:1420,232,0,0
BRDA:1425,233,0,0
BRDA:1425,233,1,0
BRDA:1425,233,2,0
BRDA:1425,233,3,0
BRDA:1425,233,4,0
BRDA:1425,233,5,0
BRDA:1436,234,0,0
BRDA:1438,235,0,0
BRDA:1451,236,0,0
BRDA:1451,236,1,0
BRDA:1452,237,0,0
BRDA:1460,238,0,0
BRDA:1462,239,0,0
BRDA:1466,240,0,0
BRDA:1474,241,0,0
BRDA:1474,242,0,0
BRDA:1474,242,1,0
BRDA:1474,242,2,0
BRDA:1486,243,0,0
BRDA:1488,244,0,0
BRDA:1492,245,0,0
BRDA:1492,245,1,0
BRDA:1502,246,0,0
BRDA:1513,247,0,0
BRDA:1517,248,0,0
BRDA:1524,249,0,0
BRDA:1531,250,0,0
BRDA:1531,251,0,0
BRDA:1531,251,1,0
BRDA:1531,251,2,0
BRDA:1545,252,0,0
BRDA:1547,253,0,0
BRDA:1562,254,0,0
BRDA:1564,255,0,0
BRDA:1568,256,0,0
BRDA:1578,257,0,0
BRDA:1578,258,0,0
BRDA:1578,258,1,0
BRDA:1578,258,2,0
BRDA:1589,259,0,0
BRDA:1593,260,0,0
BRDA:1600,261,0,0
BRDA:1607,262,0,0
BRDA:1607,263,0,0
BRDA:1607,263,1,0
BRDA:1607,263,2,0
BRDA:1622,264,0,0
BRDA:1628,265,0,0
BRDA:1628,265,1,0
BRDA:1637,266,0,0
BRDA:1640,267,0,0
BRDA:1643,268,0,0
BRDA:1653,269,0,0
BRDA:1653,269,1,0
BRDA:1653,269,2,0
BRDA:1653,269,3,0
BRDA:1653,269,4,0
BRDA:1653,269,5,0
BRDA:1653,269,6,0
BRDA:1653,269,7,0
BRDA:1653,269,8,0
BRDA:1662,270,0,0
BRDA:1671,271,0,0
BRDA:1671,271,1,0
BRDA:1672,272,0,0
BRDA:1672,272,1,0
BRDA:1673,273,0,0
BRDA:1694,274,0,0
BRDA:1695,275,0,0
BRDA:1695,275,1,0
BRDA:1695,275,2,0
BRDA:1709,276,0,0
BRDA:1712,277,0,0
BRDA:1712,278,0,0
BRDA:1712,278,1,0
BRDA:1718,279,0,0
BRDA:1720,280,0,0
BRDA:1720,280,1,0
BRDA:1723,281,0,0
BRDA:1732,282,0,0
BRDA:1735,283,0,0
BRDA:1743,284,0,0
BRDA:1747,285,0,0
BRDA:1747,286,0,0
BRDA:1747,286,1,0
BRDA:1747,286,2,0
BRDA:1747,286,3,0
BRDA:1747,286,4,0
BRDA:1747,286,5,0
BRDA:1747,286,6,0
BRDA:1747,286,7,0
BRDA:1747,286,8,0
BRDA:1765,287,0,0
BRDA:1779,288,0,0
BRDA:1789,289,0,0
BRDA:1791,290,0,0
BRDA:1800,291,0,0
BRDA:1800,292,0,0
BRDA:1800,292,1,0
BRDA:1800,292,2,0
BRDA:1801,293,0,0
BRDA:1811,294,0,0
BRDA:1822,295,0,0
BRDA:1825,296,0,0
BRDA:1825,296,1,0
BRDA:1833,297,0,0
BRDA:1843,298,0,0
BRDA:1847,299,0,0
BRDA:1856,300,0,0
BRDA:1867,301,0,0
BRDA:1869,302,0,0
BRDA:1869,303,0,0
BRDA:1869,303,1,0
BRDA:1873,304,0,0
BRDA:1879,305,0,0
BRDA:1887,306,0,0
BRDA:1887,307,0,0
BRDA:1887,307,1,0
BRDA:1887,307,2,0
BRDA:1891,308,0,0
BRDA:1904,309,0,0
BRDA:1906,310,0,0
BRDA:1906,311,0,0
BRDA:1906,311,1,0
BRDA:1914,312,0,0
BRDA:1914,313,0,0
BRDA:1914,313,1,0
BRDA:1917,314,0,0
BRDA:1923,315,0,0
BRDA:1930,316,0,0
BRDA:1936,317,0,0
BRDA:1939,318,0,0
BRDA:1951,319,0,0
BRDA:1956,320,0,0
BRDA:1956,321,0,0
BRDA:1956,321,1,0
BRDA:1957,322,0,0
BRDA:1957,323,0,0
BRDA:1957,323,1,0
BRDA:1958,324,0,0
BRDA:1958,325,0,0
BRDA:1958,325,1,0
BRDA:1969,326,0,0
BRDA:1971,327,0,0
BRDA:1971,328,0,0
BRDA:1971,328,1,0
BRDA:1974,329,0,0
BRDA:1982,330,0,0
BRDA:1986,331,0,0
BRDA:1995,332,0,0
BRDA:2001,333,0,0
BRDA:2007,334,0,0
BRDA:2017,335,0,0
BRDA:2024,336,0,0
BRDA:2026,337,0,0
BRDA:2031,338,0,0
BRDA:2032,339,0,0
BRDA:2032,339,1,0
BRDA:2038,340,0,0
BRDA:2038,341,0,0
BRDA:2038,341,1,0
BRDA:2049,342,0,0
BRDA:2052,343,0,0
BRDA:2052,343,1,0
BRDA:2052,343,2,0
BRDA:2059,344,0,0
BRDA:2060,345,0,0
BRDA:2060,345,1,0
BRDA:2073,346,0,0
BRDA:2076,347,0,0
BRDA:2076,347,1,0
BRDA:2084,348,0,0
BRDA:2094,349,0,0
BRDA:2098,350,0,0
BRDA:2107,351,0,0
BRDA:2118,352,0,0
BRDA:2125,353,0,0
BRDA:2126,354,0,0
BRDA:2126,354,1,0
BRDA:2137,355,0,0
BRDA:2142,356,0,0
BRDA:2142,356,1,0
BRDA:2142,356,2,0
BRDA:2149,357,0,0
BRDA:2154,358,0,0
BRDA:2154,358,1,0
BRDA:2154,358,2,0
BRDA:2154,358,3,0
BRDA:2173,359,0,0
BRDA:2180,360,0,0
BRDA:2182,361,0,0
BRDA:2194,362,0,0
BRDA:2194,363,0,0
BRDA:2194,363,1,0
BRDA:2194,363,2,0
BRDA:2212,364,0,0
BRDA:2214,365,0,0
BRDA:2214,365,1,0
BRDA:2222,366,0,0
BRDA:2232,367,0,0
BRDA:2242,368,0,0
BRDA:2259,369,0,0
BRDA:2262,370,0,0
BRDA:2262,370,1,0
BRDA:2262,371,0,0
BRDA:2262,371,1,0
BRDA:2265,372,0,0
BRDA:2279,373,0,0
BRDA:2282,374,0,0
BRDA:2282,374,1,0
BRDA:2282,375,0,0
BRDA:2282,375,1,0
BRDA:2285,376,0,0
BRDA:2292,377,0,0
BRDA:2292,377,1,0
BRF:601
BRH:0
end_of_record
TN:
SF:src/win-conditions/win-condition-detector.ts
FN:65,(anonymous_0)
FN:69,(anonymous_1)
FN:73,(anonymous_2)
FN:77,(anonymous_3)
FN:99,(anonymous_4)
FN:110,(anonymous_5)
FN:122,(anonymous_6)
FN:129,(anonymous_7)
FN:136,(anonymous_8)
FN:143,(anonymous_9)
FN:150,(anonymous_10)
FN:165,(anonymous_11)
FN:172,(anonymous_12)
FN:179,(anonymous_13)
FN:180,(anonymous_14)
FN:186,(anonymous_15)
FN:200,(anonymous_16)
FNF:17
FNH:5
FNDA:1,(anonymous_0)
FNDA:1,(anonymous_1)
FNDA:1,(anonymous_2)
FNDA:0,(anonymous_3)
FNDA:0,(anonymous_4)
FNDA:0,(anonymous_5)
FNDA:60,(anonymous_6)
FNDA:0,(anonymous_7)
FNDA:0,(anonymous_8)
FNDA:0,(anonymous_9)
FNDA:0,(anonymous_10)
FNDA:3,(anonymous_11)
FNDA:0,(anonymous_12)
FNDA:0,(anonymous_13)
FNDA:0,(anonymous_14)
FNDA:0,(anonymous_15)
FNDA:0,(anonymous_16)
DA:59,3
DA:66,1
DA:70,1
DA:74,1
DA:78,0
DA:100,0
DA:101,0
DA:102,0
DA:104,0
DA:111,0
DA:112,0
DA:113,0
DA:114,0
DA:116,0
DA:123,60
DA:130,0
DA:137,0
DA:144,0
DA:151,0
DA:152,0
DA:159,3
DA:160,3
DA:166,3
DA:173,0
DA:180,0
DA:200,0
DA:201,0
LF:27
LH:8
BRDA:114,0,0,0
BRDA:114,0,1,0
BRDA:137,1,0,0
BRDA:137,1,1,0
BRDA:137,1,2,0
BRDA:144,2,0,0
BRDA:144,2,1,0
BRF:7
BRH:0
end_of_record
TN:
SF:src/win-conditions/win-conditions_all-even-pungs.ts
FN:10,(anonymous_0)
FN:20,(anonymous_1)
FN:35,(anonymous_2)
FN:40,(anonymous_3)
FN:48,(anonymous_4)
FN:61,(anonymous_5)
FN:86,(anonymous_6)
FNF:7
FNH:1
FNDA:1,(anonymous_0)
FNDA:0,(anonymous_1)
FNDA:0,(anonymous_2)
FNDA:0,(anonymous_3)
FNDA:0,(anonymous_4)
FNDA:0,(anonymous_5)
FNDA:0,(anonymous_6)
DA:1,1
DA:2,1
DA:4,1
DA:10,1
DA:11,1
DA:12,1
DA:13,1
DA:14,1
DA:35,0
DA:36,0
DA:40,0
DA:41,0
DA:45,0
DA:48,0
DA:49,0
DA:53,0
DA:62,0
DA:63,0
DA:65,0
DA:67,0
DA:68,0
DA:69,0
DA:70,0
DA:73,0
DA:74,0
DA:78,0
DA:88,0
DA:89,0
DA:93,0
DA:94,0
DA:99,1
LF:31
LH:9
BRDA:22,0,0,0
BRDA:36,1,0,0
BRDA:36,1,1,0
BRDA:40,2,0,0
BRDA:48,3,0,0
BRDA:67,4,0,0
BRDA:88,5,0,0
BRF:7
BRH:0
end_of_record
TN:
SF:src/win-conditions/win-conditions_pure-same-chow.ts
FN:10,(anonymous_0)
FN:19,(anonymous_1)
FN:34,(anonymous_2)
FN:43,(anonymous_3)
FN:106,(anonymous_4)
FNF:5
FNH:4
FNDA:21,(anonymous_0)
FNDA:22,(anonymous_1)
FNDA:62,(anonymous_2)
FNDA:147,(anonymous_3)
FNDA:0,(anonymous_4)
DA:2,1
DA:4,1
DA:10,1
DA:11,21
DA:12,21
DA:13,21
DA:14,21
DA:34,62
DA:38,22
DA:41,22
DA:42,49
DA:43,147
DA:44,49
DA:46,49
DA:50,22
DA:51,22
DA:52,111
DA:53,111
DA:57,22
DA:59,22
DA:60,60
DA:61,60
DA:64,60
DA:66,0
DA:67,0
DA:70,0
DA:74,22
DA:76,0
DA:77,0
DA:78,0
DA:82,0
DA:85,0
DA:86,0
DA:91,22
DA:92,21
DA:93,5
DA:97,17
DA:107,0
DA:110,0
DA:111,0
DA:112,0
DA:116,0
DA:118,0
DA:119,0
DA:120,0
DA:123,0
DA:125,0
DA:126,0
DA:127,0
DA:130,0
DA:131,0
DA:132,0
DA:136,0
DA:141,1
LF:54
LH:29
BRDA:21,0,0,0
BRDA:46,1,0,49
BRDA:46,1,1,21
BRDA:53,2,0,111
BRDA:53,2,1,60
BRDA:64,3,0,60
BRDA:66,4,0,0
BRDA:86,5,0,0
BRDA:86,5,1,0
BRDA:92,6,0,5
BRDA:118,7,0,0
BRDA:118,7,1,0
BRDA:119,8,0,0
BRDA:119,8,1,0
BRDA:120,9,0,0
BRDA:120,9,1,0
BRDA:125,10,0,0
BRF:17
BRH:6
end_of_record
TN:
SF:src/win-conditions/win-conditions_three-similar-sequences.ts
FN:10,(anonymous_0)
FN:19,(anonymous_1)
FN:34,(anonymous_2)
FN:41,(anonymous_3)
FN:43,(anonymous_4)
FN:71,(anonymous_5)
FN:93,(anonymous_6)
FNF:7
FNH:1
FNDA:1,(anonymous_0)
FNDA:0,(anonymous_1)
FNDA:0,(anonymous_2)
FNDA:0,(anonymous_3)
FNDA:0,(anonymous_4)
FNDA:0,(anonymous_5)
FNDA:0,(anonymous_6)
DA:2,1
DA:4,1
DA:10,1
DA:11,1
DA:12,1
DA:13,1
DA:14,1
DA:34,0
DA:37,0
DA:40,0
DA:41,0
DA:43,0
DA:49,0
DA:51,0
DA:52,0
DA:53,0
DA:56,0
DA:59,0
DA:60,0
DA:65,0
DA:72,0
DA:73,0
DA:76,0
DA:78,0
DA:79,0
DA:80,0
DA:83,0
DA:84,0
DA:85,0
DA:87,0
DA:92,0
DA:93,0
DA:95,0
DA:97,0
DA:98,0
DA:103,0
DA:108,1
LF:37
LH:8
BRDA:21,0,0,0
BRDA:52,1,0,0
BRDA:59,2,0,0
BRDA:83,3,0,0
BRDA:83,4,0,0
BRDA:83,4,1,0
BRDA:84,5,0,0
BRDA:97,6,0,0
BRDA:97,7,0,0
BRDA:97,7,1,0
BRF:10
BRH:0
end_of_record
